17:13:50.577 [main] INFO  com.example.lms.LmsApplication - Starting LmsApplication v0.0.1-SNAPSHOT using Java 21.0.3 with PID 8540 (/Users/angupta/Desktop/lms/target/lms-0.0.1-SNAPSHOT.jar started by angupta in /Users/angupta/Desktop/lms/target)
17:13:50.585 [main] INFO  com.example.lms.LmsApplication - No active profile set, falling back to 1 default profile: "default"
17:13:50.947 [main] INFO  org.springframework.data.repository.config.RepositoryConfigurationDelegate - Bootstrapping Spring Data JPA repositories in DEFAULT mode.
17:13:50.976 [main] INFO  org.springframework.data.repository.config.RepositoryConfigurationDelegate - Finished Spring Data repository scanning in 25 ms. Found 5 JPA repository interfaces.
17:13:51.241 [main] INFO  org.springframework.boot.web.embedded.tomcat.TomcatWebServer - Tomcat initialized with port 8080 (http)
17:13:51.247 [main] INFO  org.apache.coyote.http11.Http11NioProtocol - Initializing ProtocolHandler ["http-nio-8080"]
17:13:51.248 [main] INFO  org.apache.catalina.core.StandardService - Starting service [Tomcat]
17:13:51.249 [main] INFO  org.apache.catalina.core.StandardEngine - Starting Servlet engine: [Apache Tomcat/10.1.26]
17:13:51.262 [main] INFO  org.apache.catalina.core.ContainerBase.[Tomcat].[localhost].[/] - Initializing Spring embedded WebApplicationContext
17:13:51.263 [main] INFO  org.springframework.boot.web.servlet.context.ServletWebServerApplicationContext - Root WebApplicationContext: initialization completed in 652 ms
17:13:51.351 [main] INFO  com.zaxxer.hikari.HikariDataSource - HikariPool-1 - Starting...
17:13:51.548 [main] INFO  com.zaxxer.hikari.pool.HikariPool - HikariPool-1 - Added connection com.mysql.cj.jdbc.ConnectionImpl@1322b575
17:13:51.549 [main] INFO  com.zaxxer.hikari.HikariDataSource - HikariPool-1 - Start completed.
17:13:51.574 [main] INFO  org.hibernate.jpa.internal.util.LogHelper - HHH000204: Processing PersistenceUnitInfo [name: default]
17:13:51.609 [main] INFO  org.hibernate.Version - HHH000412: Hibernate ORM core version 6.5.2.Final
17:13:51.628 [main] INFO  org.hibernate.cache.internal.RegionFactoryInitiator - HHH000026: Second-level cache disabled
17:13:51.805 [main] INFO  org.springframework.orm.jpa.persistenceunit.SpringPersistenceUnitInfo - No LoadTimeWeaver setup: ignoring JPA class transformer
17:13:52.359 [main] INFO  org.hibernate.engine.transaction.jta.platform.internal.JtaPlatformInitiator - HHH000489: No JTA platform available (set 'hibernate.transaction.jta.platform' to enable JTA platform integration)
17:13:52.361 [main] INFO  org.springframework.orm.jpa.LocalContainerEntityManagerFactoryBean - Initialized JPA EntityManagerFactory for persistence unit 'default'
17:13:52.674 [main] WARN  org.springframework.boot.autoconfigure.orm.jpa.JpaBaseConfiguration$JpaWebConfiguration - spring.jpa.open-in-view is enabled by default. Therefore, database queries may be performed during view rendering. Explicitly configure spring.jpa.open-in-view to disable this warning
17:13:52.718 [main] WARN  org.springframework.web.servlet.mvc.method.annotation.RequestMappingHandlerMapping - Multiple @RequestMapping annotations found on public com.example.lms.model.Issued com.example.lms.controller.IssuedController.getOneIssued(java.lang.Long), but only the first will be used: [@org.springframework.web.bind.annotation.RequestMapping(consumes={}, headers={}, method={}, name="", params={}, path={"{id}"}, produces={}, value={"{id}"}), @org.springframework.web.bind.annotation.GetMapping(consumes={}, headers={}, name="", params={}, path={}, produces={}, value={})]
17:13:52.721 [main] WARN  org.springframework.web.servlet.mvc.method.annotation.RequestMappingHandlerMapping - Multiple @RequestMapping annotations found on public com.example.lms.model.Book com.example.lms.controller.BookController.getOneBook(java.lang.Long), but only the first will be used: [@org.springframework.web.bind.annotation.RequestMapping(consumes={}, headers={}, method={}, name="", params={}, path={"{id}"}, produces={}, value={"{id}"}), @org.springframework.web.bind.annotation.GetMapping(consumes={}, headers={}, name="", params={}, path={}, produces={}, value={})]
17:13:52.723 [main] WARN  org.springframework.web.servlet.mvc.method.annotation.RequestMappingHandlerMapping - Multiple @RequestMapping annotations found on public com.example.lms.model.Author com.example.lms.controller.AuthorController.getOneAuthor(java.lang.Long), but only the first will be used: [@org.springframework.web.bind.annotation.RequestMapping(consumes={}, headers={}, method={}, name="", params={}, path={"{id}"}, produces={}, value={"{id}"}), @org.springframework.web.bind.annotation.GetMapping(consumes={}, headers={}, name="", params={}, path={}, produces={}, value={})]
17:13:52.723 [main] WARN  org.springframework.web.servlet.mvc.method.annotation.RequestMappingHandlerMapping - Multiple @RequestMapping annotations found on public java.lang.String com.example.lms.controller.AuthorController.getCsvData(), but only the first will be used: [@org.springframework.web.bind.annotation.RequestMapping(consumes={}, headers={}, method={}, name="", params={}, path={"/csvData"}, produces={}, value={"/csvData"}), @org.springframework.web.bind.annotation.GetMapping(consumes={}, headers={}, name="", params={}, path={}, produces={}, value={})]
17:13:52.724 [main] WARN  org.springframework.web.servlet.mvc.method.annotation.RequestMappingHandlerMapping - Multiple @RequestMapping annotations found on public com.example.lms.model.Member com.example.lms.controller.MemberController.getOneMember(java.lang.Long), but only the first will be used: [@org.springframework.web.bind.annotation.RequestMapping(consumes={}, headers={}, method={}, name="", params={}, path={"{id}"}, produces={}, value={"{id}"}), @org.springframework.web.bind.annotation.GetMapping(consumes={}, headers={}, name="", params={}, path={}, produces={}, value={})]
17:13:52.725 [main] WARN  org.springframework.web.servlet.mvc.method.annotation.RequestMappingHandlerMapping - Multiple @RequestMapping annotations found on public java.util.List com.example.lms.controller.AdminController.getCsvData(), but only the first will be used: [@org.springframework.web.bind.annotation.RequestMapping(consumes={}, headers={}, method={}, name="", params={}, path={"/csvData"}, produces={}, value={"/csvData"}), @org.springframework.web.bind.annotation.GetMapping(consumes={}, headers={}, name="", params={}, path={}, produces={}, value={})]
17:13:52.726 [main] WARN  org.springframework.web.servlet.mvc.method.annotation.RequestMappingHandlerMapping - Multiple @RequestMapping annotations found on public com.example.lms.model.Admin com.example.lms.controller.AdminController.getOneAdmin(java.lang.Long), but only the first will be used: [@org.springframework.web.bind.annotation.RequestMapping(consumes={}, headers={}, method={}, name="", params={}, path={"{id}"}, produces={}, value={"{id}"}), @org.springframework.web.bind.annotation.GetMapping(consumes={}, headers={}, name="", params={}, path={}, produces={}, value={})]
17:13:52.845 [main] INFO  org.apache.coyote.http11.Http11NioProtocol - Starting ProtocolHandler ["http-nio-8080"]
17:13:52.855 [main] INFO  org.springframework.boot.web.embedded.tomcat.TomcatWebServer - Tomcat started on port 8080 (http) with context path '/'
17:13:52.861 [main] INFO  com.example.lms.LmsApplication - Started LmsApplication in 2.506 seconds (process running for 3.134)
17:13:52.862 [main] INFO  com.example.lms.LmsApplication - Logger has started
17:13:58.954 [http-nio-8080-exec-1] INFO  org.apache.catalina.core.ContainerBase.[Tomcat].[localhost].[/] - Initializing Spring DispatcherServlet 'dispatcherServlet'
17:13:58.954 [http-nio-8080-exec-1] INFO  org.springframework.web.servlet.DispatcherServlet - Initializing Servlet 'dispatcherServlet'
17:13:58.955 [http-nio-8080-exec-1] INFO  org.springframework.web.servlet.DispatcherServlet - Completed initialization in 1 ms
17:14:13.210 [SpringApplicationShutdownHook] INFO  org.springframework.orm.jpa.LocalContainerEntityManagerFactoryBean - Closing JPA EntityManagerFactory for persistence unit 'default'
17:14:13.212 [SpringApplicationShutdownHook] INFO  com.zaxxer.hikari.HikariDataSource - HikariPool-1 - Shutdown initiated...
17:14:13.217 [SpringApplicationShutdownHook] INFO  com.zaxxer.hikari.HikariDataSource - HikariPool-1 - Shutdown completed.
17:16:02.234 [main] INFO  com.example.lms.LmsApplication - Starting LmsApplication v0.0.1-SNAPSHOT using Java 21.0.3 with PID 8596 (/Users/angupta/Desktop/lms/target/lms-0.0.1-SNAPSHOT.jar started by angupta in /Users/angupta/Desktop/lms/target)
17:16:02.243 [main] INFO  com.example.lms.LmsApplication - No active profile set, falling back to 1 default profile: "default"
17:16:02.614 [main] INFO  org.springframework.data.repository.config.RepositoryConfigurationDelegate - Bootstrapping Spring Data JPA repositories in DEFAULT mode.
17:16:02.645 [main] INFO  org.springframework.data.repository.config.RepositoryConfigurationDelegate - Finished Spring Data repository scanning in 26 ms. Found 5 JPA repository interfaces.
17:16:02.908 [main] INFO  org.springframework.boot.web.embedded.tomcat.TomcatWebServer - Tomcat initialized with port 8080 (http)
17:16:02.914 [main] INFO  org.apache.coyote.http11.Http11NioProtocol - Initializing ProtocolHandler ["http-nio-8080"]
17:16:02.915 [main] INFO  org.apache.catalina.core.StandardService - Starting service [Tomcat]
17:16:02.916 [main] INFO  org.apache.catalina.core.StandardEngine - Starting Servlet engine: [Apache Tomcat/10.1.26]
17:16:02.930 [main] INFO  org.apache.catalina.core.ContainerBase.[Tomcat].[localhost].[/] - Initializing Spring embedded WebApplicationContext
17:16:02.931 [main] INFO  org.springframework.boot.web.servlet.context.ServletWebServerApplicationContext - Root WebApplicationContext: initialization completed in 662 ms
17:16:03.018 [main] INFO  com.zaxxer.hikari.HikariDataSource - HikariPool-1 - Starting...
17:16:03.214 [main] INFO  com.zaxxer.hikari.pool.HikariPool - HikariPool-1 - Added connection com.mysql.cj.jdbc.ConnectionImpl@15c16f19
17:16:03.215 [main] INFO  com.zaxxer.hikari.HikariDataSource - HikariPool-1 - Start completed.
17:16:03.239 [main] INFO  org.hibernate.jpa.internal.util.LogHelper - HHH000204: Processing PersistenceUnitInfo [name: default]
17:16:03.273 [main] INFO  org.hibernate.Version - HHH000412: Hibernate ORM core version 6.5.2.Final
17:16:03.293 [main] INFO  org.hibernate.cache.internal.RegionFactoryInitiator - HHH000026: Second-level cache disabled
17:16:03.463 [main] INFO  org.springframework.orm.jpa.persistenceunit.SpringPersistenceUnitInfo - No LoadTimeWeaver setup: ignoring JPA class transformer
17:16:03.984 [main] INFO  org.hibernate.engine.transaction.jta.platform.internal.JtaPlatformInitiator - HHH000489: No JTA platform available (set 'hibernate.transaction.jta.platform' to enable JTA platform integration)
17:16:03.986 [main] INFO  org.springframework.orm.jpa.LocalContainerEntityManagerFactoryBean - Initialized JPA EntityManagerFactory for persistence unit 'default'
17:16:04.271 [main] WARN  org.springframework.boot.autoconfigure.orm.jpa.JpaBaseConfiguration$JpaWebConfiguration - spring.jpa.open-in-view is enabled by default. Therefore, database queries may be performed during view rendering. Explicitly configure spring.jpa.open-in-view to disable this warning
17:16:04.310 [main] WARN  org.springframework.web.servlet.mvc.method.annotation.RequestMappingHandlerMapping - Multiple @RequestMapping annotations found on public com.example.lms.model.Issued com.example.lms.controller.IssuedController.getOneIssued(java.lang.Long), but only the first will be used: [@org.springframework.web.bind.annotation.RequestMapping(consumes={}, headers={}, method={}, name="", params={}, path={"{id}"}, produces={}, value={"{id}"}), @org.springframework.web.bind.annotation.GetMapping(consumes={}, headers={}, name="", params={}, path={}, produces={}, value={})]
17:16:04.314 [main] WARN  org.springframework.web.servlet.mvc.method.annotation.RequestMappingHandlerMapping - Multiple @RequestMapping annotations found on public com.example.lms.model.Book com.example.lms.controller.BookController.getOneBook(java.lang.Long), but only the first will be used: [@org.springframework.web.bind.annotation.RequestMapping(consumes={}, headers={}, method={}, name="", params={}, path={"{id}"}, produces={}, value={"{id}"}), @org.springframework.web.bind.annotation.GetMapping(consumes={}, headers={}, name="", params={}, path={}, produces={}, value={})]
17:16:04.316 [main] WARN  org.springframework.web.servlet.mvc.method.annotation.RequestMappingHandlerMapping - Multiple @RequestMapping annotations found on public com.example.lms.model.Author com.example.lms.controller.AuthorController.getOneAuthor(java.lang.Long), but only the first will be used: [@org.springframework.web.bind.annotation.RequestMapping(consumes={}, headers={}, method={}, name="", params={}, path={"{id}"}, produces={}, value={"{id}"}), @org.springframework.web.bind.annotation.GetMapping(consumes={}, headers={}, name="", params={}, path={}, produces={}, value={})]
17:16:04.316 [main] WARN  org.springframework.web.servlet.mvc.method.annotation.RequestMappingHandlerMapping - Multiple @RequestMapping annotations found on public java.lang.String com.example.lms.controller.AuthorController.getCsvData(), but only the first will be used: [@org.springframework.web.bind.annotation.RequestMapping(consumes={}, headers={}, method={}, name="", params={}, path={"/csvData"}, produces={}, value={"/csvData"}), @org.springframework.web.bind.annotation.GetMapping(consumes={}, headers={}, name="", params={}, path={}, produces={}, value={})]
17:16:04.317 [main] WARN  org.springframework.web.servlet.mvc.method.annotation.RequestMappingHandlerMapping - Multiple @RequestMapping annotations found on public com.example.lms.model.Member com.example.lms.controller.MemberController.getOneMember(java.lang.Long), but only the first will be used: [@org.springframework.web.bind.annotation.RequestMapping(consumes={}, headers={}, method={}, name="", params={}, path={"{id}"}, produces={}, value={"{id}"}), @org.springframework.web.bind.annotation.GetMapping(consumes={}, headers={}, name="", params={}, path={}, produces={}, value={})]
17:16:04.318 [main] WARN  org.springframework.web.servlet.mvc.method.annotation.RequestMappingHandlerMapping - Multiple @RequestMapping annotations found on public java.util.List com.example.lms.controller.AdminController.getCsvData(), but only the first will be used: [@org.springframework.web.bind.annotation.RequestMapping(consumes={}, headers={}, method={}, name="", params={}, path={"/csvData"}, produces={}, value={"/csvData"}), @org.springframework.web.bind.annotation.GetMapping(consumes={}, headers={}, name="", params={}, path={}, produces={}, value={})]
17:16:04.319 [main] WARN  org.springframework.web.servlet.mvc.method.annotation.RequestMappingHandlerMapping - Multiple @RequestMapping annotations found on public com.example.lms.model.Admin com.example.lms.controller.AdminController.getOneAdmin(java.lang.Long), but only the first will be used: [@org.springframework.web.bind.annotation.RequestMapping(consumes={}, headers={}, method={}, name="", params={}, path={"{id}"}, produces={}, value={"{id}"}), @org.springframework.web.bind.annotation.GetMapping(consumes={}, headers={}, name="", params={}, path={}, produces={}, value={})]
17:16:04.428 [main] INFO  org.apache.coyote.http11.Http11NioProtocol - Starting ProtocolHandler ["http-nio-8080"]
17:16:04.437 [main] INFO  org.springframework.boot.web.embedded.tomcat.TomcatWebServer - Tomcat started on port 8080 (http) with context path '/'
17:16:04.442 [main] INFO  com.example.lms.LmsApplication - Started LmsApplication in 2.429 seconds (process running for 3.017)
17:16:04.444 [main] INFO  com.example.lms.LmsApplication - Logger has started
17:16:14.931 [SpringApplicationShutdownHook] INFO  org.springframework.orm.jpa.LocalContainerEntityManagerFactoryBean - Closing JPA EntityManagerFactory for persistence unit 'default'
17:16:14.932 [SpringApplicationShutdownHook] INFO  com.zaxxer.hikari.HikariDataSource - HikariPool-1 - Shutdown initiated...
17:16:14.947 [SpringApplicationShutdownHook] INFO  com.zaxxer.hikari.HikariDataSource - HikariPool-1 - Shutdown completed.
14:33:07.417 [main] INFO  com.example.lms.LmsApplication - Starting LmsApplication v0.0.1-SNAPSHOT using Java 21.0.3 with PID 7598 (/Users/angupta/Desktop/lms/target/lms-0.0.1-SNAPSHOT.jar started by angupta in /Users/angupta/Desktop/lms/target)
14:33:07.430 [main] INFO  com.example.lms.LmsApplication - No active profile set, falling back to 1 default profile: "default"
14:33:07.814 [main] INFO  org.springframework.data.repository.config.RepositoryConfigurationDelegate - Bootstrapping Spring Data JPA repositories in DEFAULT mode.
14:33:07.845 [main] INFO  org.springframework.data.repository.config.RepositoryConfigurationDelegate - Finished Spring Data repository scanning in 26 ms. Found 5 JPA repository interfaces.
14:33:08.120 [main] INFO  org.springframework.boot.web.embedded.tomcat.TomcatWebServer - Tomcat initialized with port 8080 (http)
14:33:08.126 [main] INFO  org.apache.coyote.http11.Http11NioProtocol - Initializing ProtocolHandler ["http-nio-8080"]
14:33:08.128 [main] INFO  org.apache.catalina.core.StandardService - Starting service [Tomcat]
14:33:08.128 [main] INFO  org.apache.catalina.core.StandardEngine - Starting Servlet engine: [Apache Tomcat/10.1.26]
14:33:08.145 [main] INFO  org.apache.catalina.core.ContainerBase.[Tomcat].[localhost].[/] - Initializing Spring embedded WebApplicationContext
14:33:08.145 [main] INFO  org.springframework.boot.web.servlet.context.ServletWebServerApplicationContext - Root WebApplicationContext: initialization completed in 686 ms
14:33:08.236 [main] INFO  com.zaxxer.hikari.HikariDataSource - HikariPool-1 - Starting...
14:33:08.434 [main] INFO  com.zaxxer.hikari.pool.HikariPool - HikariPool-1 - Added connection com.mysql.cj.jdbc.ConnectionImpl@645dc557
14:33:08.435 [main] INFO  com.zaxxer.hikari.HikariDataSource - HikariPool-1 - Start completed.
14:33:08.464 [main] INFO  org.hibernate.jpa.internal.util.LogHelper - HHH000204: Processing PersistenceUnitInfo [name: default]
14:33:08.505 [main] INFO  org.hibernate.Version - HHH000412: Hibernate ORM core version 6.5.2.Final
14:33:08.525 [main] INFO  org.hibernate.cache.internal.RegionFactoryInitiator - HHH000026: Second-level cache disabled
14:33:08.705 [main] INFO  org.springframework.orm.jpa.persistenceunit.SpringPersistenceUnitInfo - No LoadTimeWeaver setup: ignoring JPA class transformer
14:33:09.248 [main] INFO  org.hibernate.engine.transaction.jta.platform.internal.JtaPlatformInitiator - HHH000489: No JTA platform available (set 'hibernate.transaction.jta.platform' to enable JTA platform integration)
14:33:09.249 [main] INFO  org.springframework.orm.jpa.LocalContainerEntityManagerFactoryBean - Initialized JPA EntityManagerFactory for persistence unit 'default'
14:33:09.539 [main] WARN  org.springframework.boot.autoconfigure.orm.jpa.JpaBaseConfiguration$JpaWebConfiguration - spring.jpa.open-in-view is enabled by default. Therefore, database queries may be performed during view rendering. Explicitly configure spring.jpa.open-in-view to disable this warning
14:33:09.578 [main] WARN  org.springframework.web.servlet.mvc.method.annotation.RequestMappingHandlerMapping - Multiple @RequestMapping annotations found on public com.example.lms.model.Issued com.example.lms.controller.IssuedController.getOneIssued(java.lang.Long), but only the first will be used: [@org.springframework.web.bind.annotation.RequestMapping(consumes={}, headers={}, method={}, name="", params={}, path={"{id}"}, produces={}, value={"{id}"}), @org.springframework.web.bind.annotation.GetMapping(consumes={}, headers={}, name="", params={}, path={}, produces={}, value={})]
14:33:09.584 [main] WARN  org.springframework.web.servlet.mvc.method.annotation.RequestMappingHandlerMapping - Multiple @RequestMapping annotations found on public com.example.lms.model.Book com.example.lms.controller.BookController.getOneBook(java.lang.Long), but only the first will be used: [@org.springframework.web.bind.annotation.RequestMapping(consumes={}, headers={}, method={}, name="", params={}, path={"{id}"}, produces={}, value={"{id}"}), @org.springframework.web.bind.annotation.GetMapping(consumes={}, headers={}, name="", params={}, path={}, produces={}, value={})]
14:33:09.585 [main] WARN  org.springframework.web.servlet.mvc.method.annotation.RequestMappingHandlerMapping - Multiple @RequestMapping annotations found on public com.example.lms.model.Author com.example.lms.controller.AuthorController.getOneAuthor(java.lang.Long), but only the first will be used: [@org.springframework.web.bind.annotation.RequestMapping(consumes={}, headers={}, method={}, name="", params={}, path={"{id}"}, produces={}, value={"{id}"}), @org.springframework.web.bind.annotation.GetMapping(consumes={}, headers={}, name="", params={}, path={}, produces={}, value={})]
14:33:09.586 [main] WARN  org.springframework.web.servlet.mvc.method.annotation.RequestMappingHandlerMapping - Multiple @RequestMapping annotations found on public java.lang.String com.example.lms.controller.AuthorController.getCsvData(), but only the first will be used: [@org.springframework.web.bind.annotation.RequestMapping(consumes={}, headers={}, method={}, name="", params={}, path={"/csvData"}, produces={}, value={"/csvData"}), @org.springframework.web.bind.annotation.GetMapping(consumes={}, headers={}, name="", params={}, path={}, produces={}, value={})]
14:33:09.587 [main] WARN  org.springframework.web.servlet.mvc.method.annotation.RequestMappingHandlerMapping - Multiple @RequestMapping annotations found on public com.example.lms.model.Member com.example.lms.controller.MemberController.getOneMember(java.lang.Long), but only the first will be used: [@org.springframework.web.bind.annotation.RequestMapping(consumes={}, headers={}, method={}, name="", params={}, path={"{id}"}, produces={}, value={"{id}"}), @org.springframework.web.bind.annotation.GetMapping(consumes={}, headers={}, name="", params={}, path={}, produces={}, value={})]
14:33:09.588 [main] WARN  org.springframework.web.servlet.mvc.method.annotation.RequestMappingHandlerMapping - Multiple @RequestMapping annotations found on public java.util.List com.example.lms.controller.AdminController.getCsvData(), but only the first will be used: [@org.springframework.web.bind.annotation.RequestMapping(consumes={}, headers={}, method={}, name="", params={}, path={"/csvData"}, produces={}, value={"/csvData"}), @org.springframework.web.bind.annotation.GetMapping(consumes={}, headers={}, name="", params={}, path={}, produces={}, value={})]
14:33:09.588 [main] WARN  org.springframework.web.servlet.mvc.method.annotation.RequestMappingHandlerMapping - Multiple @RequestMapping annotations found on public com.example.lms.model.Admin com.example.lms.controller.AdminController.getOneAdmin(java.lang.Long), but only the first will be used: [@org.springframework.web.bind.annotation.RequestMapping(consumes={}, headers={}, method={}, name="", params={}, path={"{id}"}, produces={}, value={"{id}"}), @org.springframework.web.bind.annotation.GetMapping(consumes={}, headers={}, name="", params={}, path={}, produces={}, value={})]
14:33:09.706 [main] INFO  org.apache.coyote.http11.Http11NioProtocol - Starting ProtocolHandler ["http-nio-8080"]
14:33:09.714 [main] INFO  org.springframework.boot.web.embedded.tomcat.TomcatWebServer - Tomcat started on port 8080 (http) with context path '/'
14:33:09.719 [main] INFO  com.example.lms.LmsApplication - Started LmsApplication in 2.524 seconds (process running for 3.136)
14:33:09.720 [main] INFO  com.example.lms.LmsApplication - Logger has started
14:33:14.587 [http-nio-8080-exec-2] INFO  org.apache.catalina.core.ContainerBase.[Tomcat].[localhost].[/] - Initializing Spring DispatcherServlet 'dispatcherServlet'
14:33:14.587 [http-nio-8080-exec-2] INFO  org.springframework.web.servlet.DispatcherServlet - Initializing Servlet 'dispatcherServlet'
14:33:14.588 [http-nio-8080-exec-2] INFO  org.springframework.web.servlet.DispatcherServlet - Completed initialization in 1 ms
14:34:43.486 [SpringApplicationShutdownHook] INFO  org.springframework.orm.jpa.LocalContainerEntityManagerFactoryBean - Closing JPA EntityManagerFactory for persistence unit 'default'
14:34:43.489 [SpringApplicationShutdownHook] INFO  com.zaxxer.hikari.HikariDataSource - HikariPool-1 - Shutdown initiated...
14:34:43.494 [SpringApplicationShutdownHook] INFO  com.zaxxer.hikari.HikariDataSource - HikariPool-1 - Shutdown completed.
16:53:52.374 [main] INFO  com.example.lms.LmsApplication - Starting LmsApplication v0.0.1-SNAPSHOT using Java 21.0.3 with PID 9483 (/Users/angupta/Desktop/lms/target/lms-0.0.1-SNAPSHOT.jar started by angupta in /Users/angupta/Desktop/lms/target)
16:53:52.383 [main] INFO  com.example.lms.LmsApplication - No active profile set, falling back to 1 default profile: "default"
16:53:52.755 [main] INFO  org.springframework.data.repository.config.RepositoryConfigurationDelegate - Bootstrapping Spring Data JPA repositories in DEFAULT mode.
16:53:52.787 [main] INFO  org.springframework.data.repository.config.RepositoryConfigurationDelegate - Finished Spring Data repository scanning in 26 ms. Found 5 JPA repository interfaces.
16:53:53.054 [main] INFO  org.springframework.boot.web.embedded.tomcat.TomcatWebServer - Tomcat initialized with port 8080 (http)
16:53:53.060 [main] INFO  org.apache.coyote.http11.Http11NioProtocol - Initializing ProtocolHandler ["http-nio-8080"]
16:53:53.061 [main] INFO  org.apache.catalina.core.StandardService - Starting service [Tomcat]
16:53:53.061 [main] INFO  org.apache.catalina.core.StandardEngine - Starting Servlet engine: [Apache Tomcat/10.1.26]
16:53:53.076 [main] INFO  org.apache.catalina.core.ContainerBase.[Tomcat].[localhost].[/] - Initializing Spring embedded WebApplicationContext
16:53:53.076 [main] INFO  org.springframework.boot.web.servlet.context.ServletWebServerApplicationContext - Root WebApplicationContext: initialization completed in 664 ms
16:53:53.164 [main] INFO  com.zaxxer.hikari.HikariDataSource - HikariPool-1 - Starting...
16:53:53.363 [main] INFO  com.zaxxer.hikari.pool.HikariPool - HikariPool-1 - Added connection com.mysql.cj.jdbc.ConnectionImpl@1a17dd6f
16:53:53.364 [main] INFO  com.zaxxer.hikari.HikariDataSource - HikariPool-1 - Start completed.
16:53:53.391 [main] INFO  org.hibernate.jpa.internal.util.LogHelper - HHH000204: Processing PersistenceUnitInfo [name: default]
16:53:53.434 [main] INFO  org.hibernate.Version - HHH000412: Hibernate ORM core version 6.5.2.Final
16:53:53.455 [main] INFO  org.hibernate.cache.internal.RegionFactoryInitiator - HHH000026: Second-level cache disabled
16:53:53.639 [main] INFO  org.springframework.orm.jpa.persistenceunit.SpringPersistenceUnitInfo - No LoadTimeWeaver setup: ignoring JPA class transformer
16:53:54.187 [main] INFO  org.hibernate.engine.transaction.jta.platform.internal.JtaPlatformInitiator - HHH000489: No JTA platform available (set 'hibernate.transaction.jta.platform' to enable JTA platform integration)
16:53:54.189 [main] INFO  org.springframework.orm.jpa.LocalContainerEntityManagerFactoryBean - Initialized JPA EntityManagerFactory for persistence unit 'default'
16:53:54.490 [main] WARN  org.springframework.boot.autoconfigure.orm.jpa.JpaBaseConfiguration$JpaWebConfiguration - spring.jpa.open-in-view is enabled by default. Therefore, database queries may be performed during view rendering. Explicitly configure spring.jpa.open-in-view to disable this warning
16:53:54.532 [main] WARN  org.springframework.web.servlet.mvc.method.annotation.RequestMappingHandlerMapping - Multiple @RequestMapping annotations found on public com.example.lms.model.Issued com.example.lms.controller.IssuedController.getOneIssued(java.lang.Long), but only the first will be used: [@org.springframework.web.bind.annotation.RequestMapping(consumes={}, headers={}, method={}, name="", params={}, path={"{id}"}, produces={}, value={"{id}"}), @org.springframework.web.bind.annotation.GetMapping(consumes={}, headers={}, name="", params={}, path={}, produces={}, value={})]
16:53:54.535 [main] WARN  org.springframework.web.servlet.mvc.method.annotation.RequestMappingHandlerMapping - Multiple @RequestMapping annotations found on public com.example.lms.model.Book com.example.lms.controller.BookController.getOneBook(java.lang.Long), but only the first will be used: [@org.springframework.web.bind.annotation.RequestMapping(consumes={}, headers={}, method={}, name="", params={}, path={"{id}"}, produces={}, value={"{id}"}), @org.springframework.web.bind.annotation.GetMapping(consumes={}, headers={}, name="", params={}, path={}, produces={}, value={})]
16:53:54.536 [main] WARN  org.springframework.web.servlet.mvc.method.annotation.RequestMappingHandlerMapping - Multiple @RequestMapping annotations found on public com.example.lms.model.Author com.example.lms.controller.AuthorController.getOneAuthor(java.lang.Long), but only the first will be used: [@org.springframework.web.bind.annotation.RequestMapping(consumes={}, headers={}, method={}, name="", params={}, path={"{id}"}, produces={}, value={"{id}"}), @org.springframework.web.bind.annotation.GetMapping(consumes={}, headers={}, name="", params={}, path={}, produces={}, value={})]
16:53:54.537 [main] WARN  org.springframework.web.servlet.mvc.method.annotation.RequestMappingHandlerMapping - Multiple @RequestMapping annotations found on public java.lang.String com.example.lms.controller.AuthorController.getCsvData(), but only the first will be used: [@org.springframework.web.bind.annotation.RequestMapping(consumes={}, headers={}, method={}, name="", params={}, path={"/csvData"}, produces={}, value={"/csvData"}), @org.springframework.web.bind.annotation.GetMapping(consumes={}, headers={}, name="", params={}, path={}, produces={}, value={})]
16:53:54.538 [main] WARN  org.springframework.web.servlet.mvc.method.annotation.RequestMappingHandlerMapping - Multiple @RequestMapping annotations found on public com.example.lms.model.Member com.example.lms.controller.MemberController.getOneMember(java.lang.Long), but only the first will be used: [@org.springframework.web.bind.annotation.RequestMapping(consumes={}, headers={}, method={}, name="", params={}, path={"{id}"}, produces={}, value={"{id}"}), @org.springframework.web.bind.annotation.GetMapping(consumes={}, headers={}, name="", params={}, path={}, produces={}, value={})]
16:53:54.539 [main] WARN  org.springframework.web.servlet.mvc.method.annotation.RequestMappingHandlerMapping - Multiple @RequestMapping annotations found on public java.util.List com.example.lms.controller.AdminController.getCsvData(), but only the first will be used: [@org.springframework.web.bind.annotation.RequestMapping(consumes={}, headers={}, method={}, name="", params={}, path={"/csvData"}, produces={}, value={"/csvData"}), @org.springframework.web.bind.annotation.GetMapping(consumes={}, headers={}, name="", params={}, path={}, produces={}, value={})]
16:53:54.539 [main] WARN  org.springframework.web.servlet.mvc.method.annotation.RequestMappingHandlerMapping - Multiple @RequestMapping annotations found on public com.example.lms.model.Admin com.example.lms.controller.AdminController.getOneAdmin(java.lang.Long), but only the first will be used: [@org.springframework.web.bind.annotation.RequestMapping(consumes={}, headers={}, method={}, name="", params={}, path={"{id}"}, produces={}, value={"{id}"}), @org.springframework.web.bind.annotation.GetMapping(consumes={}, headers={}, name="", params={}, path={}, produces={}, value={})]
16:53:54.661 [main] INFO  org.apache.coyote.http11.Http11NioProtocol - Starting ProtocolHandler ["http-nio-8080"]
16:53:54.672 [main] INFO  org.springframework.boot.web.embedded.tomcat.TomcatWebServer - Tomcat started on port 8080 (http) with context path '/'
16:53:54.678 [main] INFO  com.example.lms.LmsApplication - Started LmsApplication in 2.539 seconds (process running for 3.199)
16:53:54.679 [main] INFO  com.example.lms.LmsApplication - Logger has started
16:54:05.177 [http-nio-8080-exec-1] INFO  org.apache.catalina.core.ContainerBase.[Tomcat].[localhost].[/] - Initializing Spring DispatcherServlet 'dispatcherServlet'
16:54:05.177 [http-nio-8080-exec-1] INFO  org.springframework.web.servlet.DispatcherServlet - Initializing Servlet 'dispatcherServlet'
16:54:05.178 [http-nio-8080-exec-1] INFO  org.springframework.web.servlet.DispatcherServlet - Completed initialization in 1 ms
17:14:40.627 [HikariPool-1 housekeeper] WARN  com.zaxxer.hikari.pool.HikariPool - HikariPool-1 - Thread starvation or clock leap detected (housekeeper delta=16m17s117ms).
18:56:17.012 [HikariPool-1 housekeeper] WARN  com.zaxxer.hikari.pool.HikariPool - HikariPool-1 - Thread starvation or clock leap detected (housekeeper delta=1h41m36s386ms).
19:03:11.195 [HikariPool-1 housekeeper] WARN  com.zaxxer.hikari.pool.HikariPool - HikariPool-1 - Thread starvation or clock leap detected (housekeeper delta=6m54s183ms).
19:08:43.137 [HikariPool-1 housekeeper] WARN  com.zaxxer.hikari.pool.HikariPool - HikariPool-1 - Thread starvation or clock leap detected (housekeeper delta=3m31s927ms).
19:08:55.280 [SpringApplicationShutdownHook] INFO  org.springframework.orm.jpa.LocalContainerEntityManagerFactoryBean - Closing JPA EntityManagerFactory for persistence unit 'default'
19:08:55.282 [SpringApplicationShutdownHook] INFO  com.zaxxer.hikari.HikariDataSource - HikariPool-1 - Shutdown initiated...
19:08:55.294 [SpringApplicationShutdownHook] INFO  com.zaxxer.hikari.HikariDataSource - HikariPool-1 - Shutdown completed.
