13:31:24.768 [main] INFO  com.example.lms.LmsApplication - Starting LmsApplication using Java 21.0.3 with PID 6748 (/Users/angupta/Desktop/lms/target/classes started by angupta in /Users/angupta/Desktop/lms)
13:31:24.771 [main] INFO  com.example.lms.LmsApplication - No active profile set, falling back to 1 default profile: "default"
13:31:25.072 [main] INFO  org.springframework.data.repository.config.RepositoryConfigurationDelegate - Bootstrapping Spring Data JPA repositories in DEFAULT mode.
13:31:25.103 [main] INFO  org.springframework.data.repository.config.RepositoryConfigurationDelegate - Finished Spring Data repository scanning in 26 ms. Found 5 JPA repository interfaces.
13:31:25.343 [main] INFO  org.springframework.boot.web.embedded.tomcat.TomcatWebServer - Tomcat initialized with port 8080 (http)
13:31:25.348 [main] INFO  org.apache.coyote.http11.Http11NioProtocol - Initializing ProtocolHandler ["http-nio-8080"]
13:31:25.349 [main] INFO  org.apache.catalina.core.StandardService - Starting service [Tomcat]
13:31:25.350 [main] INFO  org.apache.catalina.core.StandardEngine - Starting Servlet engine: [Apache Tomcat/10.1.26]
13:31:25.369 [main] INFO  org.apache.catalina.core.ContainerBase.[Tomcat].[localhost].[/] - Initializing Spring embedded WebApplicationContext
13:31:25.370 [main] INFO  org.springframework.boot.web.servlet.context.ServletWebServerApplicationContext - Root WebApplicationContext: initialization completed in 581 ms
13:31:25.440 [main] INFO  com.zaxxer.hikari.HikariDataSource - HikariPool-1 - Starting...
13:31:25.610 [main] INFO  com.zaxxer.hikari.pool.HikariPool - HikariPool-1 - Added connection com.mysql.cj.jdbc.ConnectionImpl@710ae6a7
13:31:25.611 [main] INFO  com.zaxxer.hikari.HikariDataSource - HikariPool-1 - Start completed.
13:31:25.633 [main] INFO  org.hibernate.jpa.internal.util.LogHelper - HHH000204: Processing PersistenceUnitInfo [name: default]
13:31:25.663 [main] INFO  org.hibernate.Version - HHH000412: Hibernate ORM core version 6.5.2.Final
13:31:25.677 [main] INFO  org.hibernate.cache.internal.RegionFactoryInitiator - HHH000026: Second-level cache disabled
13:31:25.806 [main] INFO  org.springframework.orm.jpa.persistenceunit.SpringPersistenceUnitInfo - No LoadTimeWeaver setup: ignoring JPA class transformer
13:31:26.276 [main] INFO  org.hibernate.engine.transaction.jta.platform.internal.JtaPlatformInitiator - HHH000489: No JTA platform available (set 'hibernate.transaction.jta.platform' to enable JTA platform integration)
13:31:26.277 [main] INFO  org.springframework.orm.jpa.LocalContainerEntityManagerFactoryBean - Initialized JPA EntityManagerFactory for persistence unit 'default'
13:31:26.532 [main] WARN  org.springframework.boot.autoconfigure.orm.jpa.JpaBaseConfiguration$JpaWebConfiguration - spring.jpa.open-in-view is enabled by default. Therefore, database queries may be performed during view rendering. Explicitly configure spring.jpa.open-in-view to disable this warning
13:31:26.565 [main] WARN  org.springframework.web.servlet.mvc.method.annotation.RequestMappingHandlerMapping - Multiple @RequestMapping annotations found on public com.example.lms.model.Admin com.example.lms.controller.AdminController.getOneAdmin(java.lang.Long), but only the first will be used: [@org.springframework.web.bind.annotation.RequestMapping(consumes={}, headers={}, method={}, name="", params={}, path={"{id}"}, produces={}, value={"{id}"}), @org.springframework.web.bind.annotation.GetMapping(consumes={}, headers={}, name="", params={}, path={}, produces={}, value={})]
13:31:26.565 [main] WARN  org.springframework.web.servlet.mvc.method.annotation.RequestMappingHandlerMapping - Multiple @RequestMapping annotations found on public java.util.List com.example.lms.controller.AdminController.getCsvData(), but only the first will be used: [@org.springframework.web.bind.annotation.RequestMapping(consumes={}, headers={}, method={}, name="", params={}, path={"/csvData"}, produces={}, value={"/csvData"}), @org.springframework.web.bind.annotation.GetMapping(consumes={}, headers={}, name="", params={}, path={}, produces={}, value={})]
13:31:26.568 [main] WARN  org.springframework.web.servlet.mvc.method.annotation.RequestMappingHandlerMapping - Multiple @RequestMapping annotations found on public java.lang.String com.example.lms.controller.AuthorController.getCsvData() throws java.lang.Exception, but only the first will be used: [@org.springframework.web.bind.annotation.RequestMapping(consumes={}, headers={}, method={}, name="", params={}, path={"/csvData"}, produces={}, value={"/csvData"}), @org.springframework.web.bind.annotation.GetMapping(consumes={}, headers={}, name="", params={}, path={}, produces={}, value={})]
13:31:26.568 [main] WARN  org.springframework.web.servlet.mvc.method.annotation.RequestMappingHandlerMapping - Multiple @RequestMapping annotations found on public com.example.lms.model.Author com.example.lms.controller.AuthorController.getOneAuthor(java.lang.Long), but only the first will be used: [@org.springframework.web.bind.annotation.RequestMapping(consumes={}, headers={}, method={}, name="", params={}, path={"{id}"}, produces={}, value={"{id}"}), @org.springframework.web.bind.annotation.GetMapping(consumes={}, headers={}, name="", params={}, path={}, produces={}, value={})]
13:31:26.569 [main] WARN  org.springframework.web.servlet.mvc.method.annotation.RequestMappingHandlerMapping - Multiple @RequestMapping annotations found on public com.example.lms.model.Book com.example.lms.controller.BookController.getOneBook(java.lang.Long), but only the first will be used: [@org.springframework.web.bind.annotation.RequestMapping(consumes={}, headers={}, method={}, name="", params={}, path={"{id}"}, produces={}, value={"{id}"}), @org.springframework.web.bind.annotation.GetMapping(consumes={}, headers={}, name="", params={}, path={}, produces={}, value={})]
13:31:26.570 [main] WARN  org.springframework.web.servlet.mvc.method.annotation.RequestMappingHandlerMapping - Multiple @RequestMapping annotations found on public com.example.lms.model.Issued com.example.lms.controller.IssuedController.getOneIssued(java.lang.Long), but only the first will be used: [@org.springframework.web.bind.annotation.RequestMapping(consumes={}, headers={}, method={}, name="", params={}, path={"{id}"}, produces={}, value={"{id}"}), @org.springframework.web.bind.annotation.GetMapping(consumes={}, headers={}, name="", params={}, path={}, produces={}, value={})]
13:31:26.571 [main] WARN  org.springframework.web.servlet.mvc.method.annotation.RequestMappingHandlerMapping - Multiple @RequestMapping annotations found on public com.example.lms.model.Member com.example.lms.controller.MemberController.getOneMember(java.lang.Long), but only the first will be used: [@org.springframework.web.bind.annotation.RequestMapping(consumes={}, headers={}, method={}, name="", params={}, path={"{id}"}, produces={}, value={"{id}"}), @org.springframework.web.bind.annotation.GetMapping(consumes={}, headers={}, name="", params={}, path={}, produces={}, value={})]
13:31:26.684 [main] INFO  org.apache.coyote.http11.Http11NioProtocol - Starting ProtocolHandler ["http-nio-8080"]
13:31:26.691 [main] INFO  org.springframework.boot.web.embedded.tomcat.TomcatWebServer - Tomcat started on port 8080 (http) with context path '/'
13:31:26.695 [main] INFO  com.example.lms.LmsApplication - Started LmsApplication in 2.077 seconds (process running for 2.571)
13:31:26.697 [main] INFO  com.example.lms.LmsApplication - Logger has started
13:31:59.933 [http-nio-8080-exec-1] INFO  org.apache.catalina.core.ContainerBase.[Tomcat].[localhost].[/] - Initializing Spring DispatcherServlet 'dispatcherServlet'
13:31:59.933 [http-nio-8080-exec-1] INFO  org.springframework.web.servlet.DispatcherServlet - Initializing Servlet 'dispatcherServlet'
13:31:59.934 [http-nio-8080-exec-1] INFO  org.springframework.web.servlet.DispatcherServlet - Completed initialization in 1 ms
13:31:59.952 [pool-2-thread-2] INFO  com.example.lms.customThread.ChunkReaderThread - StartLine: 5 EndLine: 10 ThreadId: Thread[#53,pool-2-thread-2,5,main]
13:31:59.952 [pool-2-thread-1] INFO  com.example.lms.customThread.ChunkReaderThread - StartLine: 0 EndLine: 5 ThreadId: Thread[#52,pool-2-thread-1,5,main]
13:43:36.749 [HikariPool-1 housekeeper] WARN  com.zaxxer.hikari.pool.HikariPool - HikariPool-1 - Thread starvation or clock leap detected (housekeeper delta=1m40s927ms).
13:59:58.499 [HikariPool-1 housekeeper] WARN  com.zaxxer.hikari.pool.HikariPool - HikariPool-1 - Thread starvation or clock leap detected (housekeeper delta=16m21s750ms).
14:30:49.587 [main] INFO  org.springframework.test.context.support.AnnotationConfigContextLoaderUtils - Could not detect default configuration classes for test class [com.example.lms.AuthorTest.ControllerTest]: ControllerTest does not declare any static, non-private, non-final, nested classes annotated with @Configuration.
14:30:49.641 [main] INFO  org.springframework.boot.test.context.SpringBootTestContextBootstrapper - Found @SpringBootConfiguration com.example.lms.LmsApplication for test class com.example.lms.AuthorTest.ControllerTest
14:30:49.797 [main] INFO  com.example.lms.AuthorTest.ControllerTest - Starting ControllerTest using Java 21.0.3 with PID 7543 (started by angupta in /Users/angupta/Desktop/lms)
14:30:49.798 [main] INFO  com.example.lms.AuthorTest.ControllerTest - No active profile set, falling back to 1 default profile: "default"
14:30:50.100 [main] INFO  org.springframework.data.repository.config.RepositoryConfigurationDelegate - Bootstrapping Spring Data JPA repositories in DEFAULT mode.
14:30:50.137 [main] INFO  org.springframework.data.repository.config.RepositoryConfigurationDelegate - Finished Spring Data repository scanning in 32 ms. Found 5 JPA repository interfaces.
14:30:50.375 [main] INFO  org.hibernate.jpa.internal.util.LogHelper - HHH000204: Processing PersistenceUnitInfo [name: default]
14:30:50.403 [main] INFO  org.hibernate.Version - HHH000412: Hibernate ORM core version 6.5.2.Final
14:30:50.420 [main] INFO  org.hibernate.cache.internal.RegionFactoryInitiator - HHH000026: Second-level cache disabled
14:30:50.564 [main] INFO  org.springframework.orm.jpa.persistenceunit.SpringPersistenceUnitInfo - No LoadTimeWeaver setup: ignoring JPA class transformer
14:30:50.578 [main] INFO  com.zaxxer.hikari.HikariDataSource - HikariPool-1 - Starting...
14:30:50.670 [main] INFO  com.zaxxer.hikari.pool.HikariPool - HikariPool-1 - Added connection conn0: url=jdbc:h2:mem:test user=LMS
14:30:50.671 [main] INFO  com.zaxxer.hikari.HikariDataSource - HikariPool-1 - Start completed.
14:30:50.683 [main] WARN  org.hibernate.orm.deprecation - HHH90000025: H2Dialect does not need to be specified explicitly using 'hibernate.dialect' (remove the property setting and it will be selected by default)
14:30:51.124 [main] INFO  org.hibernate.engine.transaction.jta.platform.internal.JtaPlatformInitiator - HHH000489: No JTA platform available (set 'hibernate.transaction.jta.platform' to enable JTA platform integration)
14:30:51.156 [main] INFO  org.springframework.orm.jpa.LocalContainerEntityManagerFactoryBean - Initialized JPA EntityManagerFactory for persistence unit 'default'
14:30:51.451 [main] WARN  org.springframework.boot.autoconfigure.orm.jpa.JpaBaseConfiguration$JpaWebConfiguration - spring.jpa.open-in-view is enabled by default. Therefore, database queries may be performed during view rendering. Explicitly configure spring.jpa.open-in-view to disable this warning
14:30:51.488 [main] WARN  org.springframework.web.servlet.mvc.method.annotation.RequestMappingHandlerMapping - Multiple @RequestMapping annotations found on public com.example.lms.model.Admin com.example.lms.controller.AdminController.getOneAdmin(java.lang.Long), but only the first will be used: [@org.springframework.web.bind.annotation.RequestMapping(consumes={}, headers={}, method={}, name="", params={}, path={"{id}"}, produces={}, value={"{id}"}), @org.springframework.web.bind.annotation.GetMapping(consumes={}, headers={}, name="", params={}, path={}, produces={}, value={})]
14:30:51.489 [main] WARN  org.springframework.web.servlet.mvc.method.annotation.RequestMappingHandlerMapping - Multiple @RequestMapping annotations found on public java.util.List com.example.lms.controller.AdminController.getCsvData(), but only the first will be used: [@org.springframework.web.bind.annotation.RequestMapping(consumes={}, headers={}, method={}, name="", params={}, path={"/csvData"}, produces={}, value={"/csvData"}), @org.springframework.web.bind.annotation.GetMapping(consumes={}, headers={}, name="", params={}, path={}, produces={}, value={})]
14:30:51.492 [main] WARN  org.springframework.web.servlet.mvc.method.annotation.RequestMappingHandlerMapping - Multiple @RequestMapping annotations found on public com.example.lms.model.Author com.example.lms.controller.AuthorController.getOneAuthor(java.lang.Long), but only the first will be used: [@org.springframework.web.bind.annotation.RequestMapping(consumes={}, headers={}, method={}, name="", params={}, path={"{id}"}, produces={}, value={"{id}"}), @org.springframework.web.bind.annotation.GetMapping(consumes={}, headers={}, name="", params={}, path={}, produces={}, value={})]
14:30:51.492 [main] WARN  org.springframework.web.servlet.mvc.method.annotation.RequestMappingHandlerMapping - Multiple @RequestMapping annotations found on public java.lang.String com.example.lms.controller.AuthorController.getCsvData() throws java.lang.Exception, but only the first will be used: [@org.springframework.web.bind.annotation.RequestMapping(consumes={}, headers={}, method={}, name="", params={}, path={"/csvData"}, produces={}, value={"/csvData"}), @org.springframework.web.bind.annotation.GetMapping(consumes={}, headers={}, name="", params={}, path={}, produces={}, value={})]
14:30:51.493 [main] WARN  org.springframework.web.servlet.mvc.method.annotation.RequestMappingHandlerMapping - Multiple @RequestMapping annotations found on public com.example.lms.model.Book com.example.lms.controller.BookController.getOneBook(java.lang.Long), but only the first will be used: [@org.springframework.web.bind.annotation.RequestMapping(consumes={}, headers={}, method={}, name="", params={}, path={"{id}"}, produces={}, value={"{id}"}), @org.springframework.web.bind.annotation.GetMapping(consumes={}, headers={}, name="", params={}, path={}, produces={}, value={})]
14:30:51.495 [main] WARN  org.springframework.web.servlet.mvc.method.annotation.RequestMappingHandlerMapping - Multiple @RequestMapping annotations found on public com.example.lms.model.Issued com.example.lms.controller.IssuedController.getOneIssued(java.lang.Long), but only the first will be used: [@org.springframework.web.bind.annotation.RequestMapping(consumes={}, headers={}, method={}, name="", params={}, path={"{id}"}, produces={}, value={"{id}"}), @org.springframework.web.bind.annotation.GetMapping(consumes={}, headers={}, name="", params={}, path={}, produces={}, value={})]
14:30:51.495 [main] WARN  org.springframework.web.servlet.mvc.method.annotation.RequestMappingHandlerMapping - Multiple @RequestMapping annotations found on public com.example.lms.model.Member com.example.lms.controller.MemberController.getOneMember(java.lang.Long), but only the first will be used: [@org.springframework.web.bind.annotation.RequestMapping(consumes={}, headers={}, method={}, name="", params={}, path={"{id}"}, produces={}, value={"{id}"}), @org.springframework.web.bind.annotation.GetMapping(consumes={}, headers={}, name="", params={}, path={}, produces={}, value={})]
14:30:51.601 [main] INFO  org.springframework.boot.autoconfigure.h2.H2ConsoleAutoConfiguration - H2 console available at '/h2-console'. Database available at 'jdbc:h2:mem:test'
14:30:51.641 [main] INFO  org.springframework.boot.test.mock.web.SpringBootMockServletContext - Initializing Spring TestDispatcherServlet ''
14:30:51.641 [main] INFO  org.springframework.test.web.servlet.TestDispatcherServlet - Initializing Servlet ''
14:30:51.642 [main] INFO  org.springframework.test.web.servlet.TestDispatcherServlet - Completed initialization in 0 ms
14:30:51.653 [main] INFO  com.example.lms.AuthorTest.ControllerTest - Started ControllerTest in 1.957 seconds (process running for 2.771)
14:30:52.133 [SpringApplicationShutdownHook] INFO  org.springframework.orm.jpa.LocalContainerEntityManagerFactoryBean - Closing JPA EntityManagerFactory for persistence unit 'default'
14:30:52.135 [SpringApplicationShutdownHook] INFO  com.zaxxer.hikari.HikariDataSource - HikariPool-1 - Shutdown initiated...
14:30:52.136 [SpringApplicationShutdownHook] INFO  com.zaxxer.hikari.HikariDataSource - HikariPool-1 - Shutdown completed.
14:31:05.754 [main] INFO  org.springframework.test.context.support.AnnotationConfigContextLoaderUtils - Could not detect default configuration classes for test class [com.example.lms.AuthorTest.ControllerTest]: ControllerTest does not declare any static, non-private, non-final, nested classes annotated with @Configuration.
14:31:05.807 [main] INFO  org.springframework.boot.test.context.SpringBootTestContextBootstrapper - Found @SpringBootConfiguration com.example.lms.LmsApplication for test class com.example.lms.AuthorTest.ControllerTest
14:31:05.960 [main] INFO  com.example.lms.AuthorTest.ControllerTest - Starting ControllerTest using Java 21.0.3 with PID 7551 (started by angupta in /Users/angupta/Desktop/lms)
14:31:05.962 [main] INFO  com.example.lms.AuthorTest.ControllerTest - No active profile set, falling back to 1 default profile: "default"
14:31:06.237 [main] INFO  org.springframework.data.repository.config.RepositoryConfigurationDelegate - Bootstrapping Spring Data JPA repositories in DEFAULT mode.
14:31:06.266 [main] INFO  org.springframework.data.repository.config.RepositoryConfigurationDelegate - Finished Spring Data repository scanning in 26 ms. Found 5 JPA repository interfaces.
14:31:06.468 [main] INFO  org.hibernate.jpa.internal.util.LogHelper - HHH000204: Processing PersistenceUnitInfo [name: default]
14:31:06.499 [main] INFO  org.hibernate.Version - HHH000412: Hibernate ORM core version 6.5.2.Final
14:31:06.514 [main] INFO  org.hibernate.cache.internal.RegionFactoryInitiator - HHH000026: Second-level cache disabled
14:31:06.637 [main] INFO  org.springframework.orm.jpa.persistenceunit.SpringPersistenceUnitInfo - No LoadTimeWeaver setup: ignoring JPA class transformer
14:31:06.650 [main] INFO  com.zaxxer.hikari.HikariDataSource - HikariPool-1 - Starting...
14:31:06.736 [main] INFO  com.zaxxer.hikari.pool.HikariPool - HikariPool-1 - Added connection conn0: url=jdbc:h2:mem:test user=LMS
14:31:06.737 [main] INFO  com.zaxxer.hikari.HikariDataSource - HikariPool-1 - Start completed.
14:31:06.748 [main] WARN  org.hibernate.orm.deprecation - HHH90000025: H2Dialect does not need to be specified explicitly using 'hibernate.dialect' (remove the property setting and it will be selected by default)
14:31:07.214 [main] INFO  org.hibernate.engine.transaction.jta.platform.internal.JtaPlatformInitiator - HHH000489: No JTA platform available (set 'hibernate.transaction.jta.platform' to enable JTA platform integration)
14:31:07.249 [main] INFO  org.springframework.orm.jpa.LocalContainerEntityManagerFactoryBean - Initialized JPA EntityManagerFactory for persistence unit 'default'
14:31:07.543 [main] WARN  org.springframework.boot.autoconfigure.orm.jpa.JpaBaseConfiguration$JpaWebConfiguration - spring.jpa.open-in-view is enabled by default. Therefore, database queries may be performed during view rendering. Explicitly configure spring.jpa.open-in-view to disable this warning
14:31:07.579 [main] WARN  org.springframework.web.servlet.mvc.method.annotation.RequestMappingHandlerMapping - Multiple @RequestMapping annotations found on public com.example.lms.model.Admin com.example.lms.controller.AdminController.getOneAdmin(java.lang.Long), but only the first will be used: [@org.springframework.web.bind.annotation.RequestMapping(consumes={}, headers={}, method={}, name="", params={}, path={"{id}"}, produces={}, value={"{id}"}), @org.springframework.web.bind.annotation.GetMapping(consumes={}, headers={}, name="", params={}, path={}, produces={}, value={})]
14:31:07.580 [main] WARN  org.springframework.web.servlet.mvc.method.annotation.RequestMappingHandlerMapping - Multiple @RequestMapping annotations found on public java.util.List com.example.lms.controller.AdminController.getCsvData(), but only the first will be used: [@org.springframework.web.bind.annotation.RequestMapping(consumes={}, headers={}, method={}, name="", params={}, path={"/csvData"}, produces={}, value={"/csvData"}), @org.springframework.web.bind.annotation.GetMapping(consumes={}, headers={}, name="", params={}, path={}, produces={}, value={})]
14:31:07.583 [main] WARN  org.springframework.web.servlet.mvc.method.annotation.RequestMappingHandlerMapping - Multiple @RequestMapping annotations found on public java.lang.String com.example.lms.controller.AuthorController.getCsvData() throws java.lang.Exception, but only the first will be used: [@org.springframework.web.bind.annotation.RequestMapping(consumes={}, headers={}, method={}, name="", params={}, path={"/csvData"}, produces={}, value={"/csvData"}), @org.springframework.web.bind.annotation.GetMapping(consumes={}, headers={}, name="", params={}, path={}, produces={}, value={})]
14:31:07.583 [main] WARN  org.springframework.web.servlet.mvc.method.annotation.RequestMappingHandlerMapping - Multiple @RequestMapping annotations found on public com.example.lms.model.Author com.example.lms.controller.AuthorController.getOneAuthor(java.lang.Long), but only the first will be used: [@org.springframework.web.bind.annotation.RequestMapping(consumes={}, headers={}, method={}, name="", params={}, path={"{id}"}, produces={}, value={"{id}"}), @org.springframework.web.bind.annotation.GetMapping(consumes={}, headers={}, name="", params={}, path={}, produces={}, value={})]
14:31:07.584 [main] WARN  org.springframework.web.servlet.mvc.method.annotation.RequestMappingHandlerMapping - Multiple @RequestMapping annotations found on public com.example.lms.model.Book com.example.lms.controller.BookController.getOneBook(java.lang.Long), but only the first will be used: [@org.springframework.web.bind.annotation.RequestMapping(consumes={}, headers={}, method={}, name="", params={}, path={"{id}"}, produces={}, value={"{id}"}), @org.springframework.web.bind.annotation.GetMapping(consumes={}, headers={}, name="", params={}, path={}, produces={}, value={})]
14:31:07.586 [main] WARN  org.springframework.web.servlet.mvc.method.annotation.RequestMappingHandlerMapping - Multiple @RequestMapping annotations found on public com.example.lms.model.Issued com.example.lms.controller.IssuedController.getOneIssued(java.lang.Long), but only the first will be used: [@org.springframework.web.bind.annotation.RequestMapping(consumes={}, headers={}, method={}, name="", params={}, path={"{id}"}, produces={}, value={"{id}"}), @org.springframework.web.bind.annotation.GetMapping(consumes={}, headers={}, name="", params={}, path={}, produces={}, value={})]
14:31:07.587 [main] WARN  org.springframework.web.servlet.mvc.method.annotation.RequestMappingHandlerMapping - Multiple @RequestMapping annotations found on public com.example.lms.model.Member com.example.lms.controller.MemberController.getOneMember(java.lang.Long), but only the first will be used: [@org.springframework.web.bind.annotation.RequestMapping(consumes={}, headers={}, method={}, name="", params={}, path={"{id}"}, produces={}, value={"{id}"}), @org.springframework.web.bind.annotation.GetMapping(consumes={}, headers={}, name="", params={}, path={}, produces={}, value={})]
14:31:07.697 [main] INFO  org.springframework.boot.autoconfigure.h2.H2ConsoleAutoConfiguration - H2 console available at '/h2-console'. Database available at 'jdbc:h2:mem:test'
14:31:07.725 [main] INFO  org.springframework.boot.test.mock.web.SpringBootMockServletContext - Initializing Spring TestDispatcherServlet ''
14:31:07.726 [main] INFO  org.springframework.test.web.servlet.TestDispatcherServlet - Initializing Servlet ''
14:31:07.727 [main] INFO  org.springframework.test.web.servlet.TestDispatcherServlet - Completed initialization in 0 ms
14:31:07.736 [main] INFO  com.example.lms.AuthorTest.ControllerTest - Started ControllerTest in 1.876 seconds (process running for 2.566)
14:31:08.220 [SpringApplicationShutdownHook] INFO  org.springframework.orm.jpa.LocalContainerEntityManagerFactoryBean - Closing JPA EntityManagerFactory for persistence unit 'default'
14:31:08.221 [SpringApplicationShutdownHook] INFO  com.zaxxer.hikari.HikariDataSource - HikariPool-1 - Shutdown initiated...
14:31:08.222 [SpringApplicationShutdownHook] INFO  com.zaxxer.hikari.HikariDataSource - HikariPool-1 - Shutdown completed.
14:32:29.330 [SpringApplicationShutdownHook] INFO  org.springframework.orm.jpa.LocalContainerEntityManagerFactoryBean - Closing JPA EntityManagerFactory for persistence unit 'default'
14:32:29.332 [SpringApplicationShutdownHook] INFO  com.zaxxer.hikari.HikariDataSource - HikariPool-1 - Shutdown initiated...
14:32:29.334 [SpringApplicationShutdownHook] INFO  com.zaxxer.hikari.HikariDataSource - HikariPool-1 - Shutdown completed.
14:34:49.367 [main] INFO  com.example.lms.LmsApplication - Starting LmsApplication using Java 21.0.3 with PID 7624 (/Users/angupta/Desktop/lms/target/classes started by angupta in /Users/angupta/Desktop/lms)
14:34:49.371 [main] INFO  com.example.lms.LmsApplication - No active profile set, falling back to 1 default profile: "default"
14:34:49.686 [main] INFO  org.springframework.data.repository.config.RepositoryConfigurationDelegate - Bootstrapping Spring Data JPA repositories in DEFAULT mode.
14:34:49.716 [main] INFO  org.springframework.data.repository.config.RepositoryConfigurationDelegate - Finished Spring Data repository scanning in 25 ms. Found 5 JPA repository interfaces.
14:34:49.958 [main] INFO  org.springframework.boot.web.embedded.tomcat.TomcatWebServer - Tomcat initialized with port 8080 (http)
14:34:49.964 [main] INFO  org.apache.coyote.http11.Http11NioProtocol - Initializing ProtocolHandler ["http-nio-8080"]
14:34:49.965 [main] INFO  org.apache.catalina.core.StandardService - Starting service [Tomcat]
14:34:49.965 [main] INFO  org.apache.catalina.core.StandardEngine - Starting Servlet engine: [Apache Tomcat/10.1.26]
14:34:49.986 [main] INFO  org.apache.catalina.core.ContainerBase.[Tomcat].[localhost].[/] - Initializing Spring embedded WebApplicationContext
14:34:49.987 [main] INFO  org.springframework.boot.web.servlet.context.ServletWebServerApplicationContext - Root WebApplicationContext: initialization completed in 596 ms
14:34:50.058 [main] INFO  com.zaxxer.hikari.HikariDataSource - HikariPool-1 - Starting...
14:34:50.232 [main] INFO  com.zaxxer.hikari.pool.HikariPool - HikariPool-1 - Added connection com.mysql.cj.jdbc.ConnectionImpl@1187dc82
14:34:50.233 [main] INFO  com.zaxxer.hikari.HikariDataSource - HikariPool-1 - Start completed.
14:34:50.256 [main] INFO  org.hibernate.jpa.internal.util.LogHelper - HHH000204: Processing PersistenceUnitInfo [name: default]
14:34:50.283 [main] INFO  org.hibernate.Version - HHH000412: Hibernate ORM core version 6.5.2.Final
14:34:50.299 [main] INFO  org.hibernate.cache.internal.RegionFactoryInitiator - HHH000026: Second-level cache disabled
14:34:50.442 [main] INFO  org.springframework.orm.jpa.persistenceunit.SpringPersistenceUnitInfo - No LoadTimeWeaver setup: ignoring JPA class transformer
14:34:50.927 [main] INFO  org.hibernate.engine.transaction.jta.platform.internal.JtaPlatformInitiator - HHH000489: No JTA platform available (set 'hibernate.transaction.jta.platform' to enable JTA platform integration)
14:34:50.928 [main] INFO  org.springframework.orm.jpa.LocalContainerEntityManagerFactoryBean - Initialized JPA EntityManagerFactory for persistence unit 'default'
14:34:51.200 [main] WARN  org.springframework.boot.autoconfigure.orm.jpa.JpaBaseConfiguration$JpaWebConfiguration - spring.jpa.open-in-view is enabled by default. Therefore, database queries may be performed during view rendering. Explicitly configure spring.jpa.open-in-view to disable this warning
14:34:51.239 [main] WARN  org.springframework.web.servlet.mvc.method.annotation.RequestMappingHandlerMapping - Multiple @RequestMapping annotations found on public com.example.lms.model.Admin com.example.lms.controller.AdminController.getOneAdmin(java.lang.Long), but only the first will be used: [@org.springframework.web.bind.annotation.RequestMapping(consumes={}, headers={}, method={}, name="", params={}, path={"{id}"}, produces={}, value={"{id}"}), @org.springframework.web.bind.annotation.GetMapping(consumes={}, headers={}, name="", params={}, path={}, produces={}, value={})]
14:34:51.239 [main] WARN  org.springframework.web.servlet.mvc.method.annotation.RequestMappingHandlerMapping - Multiple @RequestMapping annotations found on public java.util.List com.example.lms.controller.AdminController.getCsvData(), but only the first will be used: [@org.springframework.web.bind.annotation.RequestMapping(consumes={}, headers={}, method={}, name="", params={}, path={"/csvData"}, produces={}, value={"/csvData"}), @org.springframework.web.bind.annotation.GetMapping(consumes={}, headers={}, name="", params={}, path={}, produces={}, value={})]
14:34:51.242 [main] WARN  org.springframework.web.servlet.mvc.method.annotation.RequestMappingHandlerMapping - Multiple @RequestMapping annotations found on public java.lang.String com.example.lms.controller.AuthorController.getCsvData() throws java.lang.Exception, but only the first will be used: [@org.springframework.web.bind.annotation.RequestMapping(consumes={}, headers={}, method={}, name="", params={}, path={"/csvData"}, produces={}, value={"/csvData"}), @org.springframework.web.bind.annotation.GetMapping(consumes={}, headers={}, name="", params={}, path={}, produces={}, value={})]
14:34:51.243 [main] WARN  org.springframework.web.servlet.mvc.method.annotation.RequestMappingHandlerMapping - Multiple @RequestMapping annotations found on public com.example.lms.model.Author com.example.lms.controller.AuthorController.getOneAuthor(java.lang.Long), but only the first will be used: [@org.springframework.web.bind.annotation.RequestMapping(consumes={}, headers={}, method={}, name="", params={}, path={"{id}"}, produces={}, value={"{id}"}), @org.springframework.web.bind.annotation.GetMapping(consumes={}, headers={}, name="", params={}, path={}, produces={}, value={})]
14:34:51.244 [main] WARN  org.springframework.web.servlet.mvc.method.annotation.RequestMappingHandlerMapping - Multiple @RequestMapping annotations found on public com.example.lms.model.Book com.example.lms.controller.BookController.getOneBook(java.lang.Long), but only the first will be used: [@org.springframework.web.bind.annotation.RequestMapping(consumes={}, headers={}, method={}, name="", params={}, path={"{id}"}, produces={}, value={"{id}"}), @org.springframework.web.bind.annotation.GetMapping(consumes={}, headers={}, name="", params={}, path={}, produces={}, value={})]
14:34:51.245 [main] WARN  org.springframework.web.servlet.mvc.method.annotation.RequestMappingHandlerMapping - Multiple @RequestMapping annotations found on public com.example.lms.model.Issued com.example.lms.controller.IssuedController.getOneIssued(java.lang.Long), but only the first will be used: [@org.springframework.web.bind.annotation.RequestMapping(consumes={}, headers={}, method={}, name="", params={}, path={"{id}"}, produces={}, value={"{id}"}), @org.springframework.web.bind.annotation.GetMapping(consumes={}, headers={}, name="", params={}, path={}, produces={}, value={})]
14:34:51.246 [main] WARN  org.springframework.web.servlet.mvc.method.annotation.RequestMappingHandlerMapping - Multiple @RequestMapping annotations found on public com.example.lms.model.Member com.example.lms.controller.MemberController.getOneMember(java.lang.Long), but only the first will be used: [@org.springframework.web.bind.annotation.RequestMapping(consumes={}, headers={}, method={}, name="", params={}, path={"{id}"}, produces={}, value={"{id}"}), @org.springframework.web.bind.annotation.GetMapping(consumes={}, headers={}, name="", params={}, path={}, produces={}, value={})]
14:34:51.356 [main] INFO  org.apache.coyote.http11.Http11NioProtocol - Starting ProtocolHandler ["http-nio-8080"]
14:34:51.363 [main] INFO  org.springframework.boot.web.embedded.tomcat.TomcatWebServer - Tomcat started on port 8080 (http) with context path '/'
14:34:51.368 [main] INFO  com.example.lms.LmsApplication - Started LmsApplication in 2.152 seconds (process running for 2.653)
14:34:51.370 [main] INFO  com.example.lms.LmsApplication - Logger has started
14:34:55.418 [http-nio-8080-exec-2] INFO  org.apache.catalina.core.ContainerBase.[Tomcat].[localhost].[/] - Initializing Spring DispatcherServlet 'dispatcherServlet'
14:34:55.418 [http-nio-8080-exec-2] INFO  org.springframework.web.servlet.DispatcherServlet - Initializing Servlet 'dispatcherServlet'
14:34:55.419 [http-nio-8080-exec-2] INFO  org.springframework.web.servlet.DispatcherServlet - Completed initialization in 0 ms
14:40:12.366 [main] INFO  org.springframework.test.context.support.AnnotationConfigContextLoaderUtils - Could not detect default configuration classes for test class [com.example.lms.BookTest.BookController]: BookController does not declare any static, non-private, non-final, nested classes annotated with @Configuration.
14:40:12.419 [main] INFO  org.springframework.boot.test.context.SpringBootTestContextBootstrapper - Found @SpringBootConfiguration com.example.lms.LmsApplication for test class com.example.lms.BookTest.BookController
14:40:12.598 [main] INFO  com.example.lms.BookTest.BookController - Starting BookController using Java 21.0.3 with PID 7862 (started by angupta in /Users/angupta/Desktop/lms)
14:40:12.600 [main] INFO  com.example.lms.BookTest.BookController - No active profile set, falling back to 1 default profile: "default"
14:40:12.906 [main] INFO  org.springframework.data.repository.config.RepositoryConfigurationDelegate - Bootstrapping Spring Data JPA repositories in DEFAULT mode.
14:40:12.937 [main] INFO  org.springframework.data.repository.config.RepositoryConfigurationDelegate - Finished Spring Data repository scanning in 27 ms. Found 5 JPA repository interfaces.
14:40:13.156 [main] INFO  org.hibernate.jpa.internal.util.LogHelper - HHH000204: Processing PersistenceUnitInfo [name: default]
14:40:13.192 [main] INFO  org.hibernate.Version - HHH000412: Hibernate ORM core version 6.5.2.Final
14:40:13.210 [main] INFO  org.hibernate.cache.internal.RegionFactoryInitiator - HHH000026: Second-level cache disabled
14:40:13.365 [main] INFO  org.springframework.orm.jpa.persistenceunit.SpringPersistenceUnitInfo - No LoadTimeWeaver setup: ignoring JPA class transformer
14:40:13.382 [main] INFO  com.zaxxer.hikari.HikariDataSource - HikariPool-1 - Starting...
14:40:13.480 [main] INFO  com.zaxxer.hikari.pool.HikariPool - HikariPool-1 - Added connection conn0: url=jdbc:h2:mem:test user=LMS
14:40:13.481 [main] INFO  com.zaxxer.hikari.HikariDataSource - HikariPool-1 - Start completed.
14:40:13.494 [main] WARN  org.hibernate.orm.deprecation - HHH90000025: H2Dialect does not need to be specified explicitly using 'hibernate.dialect' (remove the property setting and it will be selected by default)
14:40:13.943 [main] INFO  org.hibernate.engine.transaction.jta.platform.internal.JtaPlatformInitiator - HHH000489: No JTA platform available (set 'hibernate.transaction.jta.platform' to enable JTA platform integration)
14:40:13.978 [main] INFO  org.springframework.orm.jpa.LocalContainerEntityManagerFactoryBean - Initialized JPA EntityManagerFactory for persistence unit 'default'
14:40:14.273 [main] WARN  org.springframework.boot.autoconfigure.orm.jpa.JpaBaseConfiguration$JpaWebConfiguration - spring.jpa.open-in-view is enabled by default. Therefore, database queries may be performed during view rendering. Explicitly configure spring.jpa.open-in-view to disable this warning
14:40:14.311 [main] WARN  org.springframework.web.servlet.mvc.method.annotation.RequestMappingHandlerMapping - Multiple @RequestMapping annotations found on public com.example.lms.model.Admin com.example.lms.controller.AdminController.getOneAdmin(java.lang.Long), but only the first will be used: [@org.springframework.web.bind.annotation.RequestMapping(consumes={}, headers={}, method={}, name="", params={}, path={"{id}"}, produces={}, value={"{id}"}), @org.springframework.web.bind.annotation.GetMapping(consumes={}, headers={}, name="", params={}, path={}, produces={}, value={})]
14:40:14.312 [main] WARN  org.springframework.web.servlet.mvc.method.annotation.RequestMappingHandlerMapping - Multiple @RequestMapping annotations found on public java.util.List com.example.lms.controller.AdminController.getCsvData(), but only the first will be used: [@org.springframework.web.bind.annotation.RequestMapping(consumes={}, headers={}, method={}, name="", params={}, path={"/csvData"}, produces={}, value={"/csvData"}), @org.springframework.web.bind.annotation.GetMapping(consumes={}, headers={}, name="", params={}, path={}, produces={}, value={})]
14:40:14.315 [main] WARN  org.springframework.web.servlet.mvc.method.annotation.RequestMappingHandlerMapping - Multiple @RequestMapping annotations found on public java.lang.String com.example.lms.controller.AuthorController.getCsvData() throws java.lang.Exception, but only the first will be used: [@org.springframework.web.bind.annotation.RequestMapping(consumes={}, headers={}, method={}, name="", params={}, path={"/csvData"}, produces={}, value={"/csvData"}), @org.springframework.web.bind.annotation.GetMapping(consumes={}, headers={}, name="", params={}, path={}, produces={}, value={})]
14:40:14.316 [main] WARN  org.springframework.web.servlet.mvc.method.annotation.RequestMappingHandlerMapping - Multiple @RequestMapping annotations found on public com.example.lms.model.Author com.example.lms.controller.AuthorController.getOneAuthor(java.lang.Long), but only the first will be used: [@org.springframework.web.bind.annotation.RequestMapping(consumes={}, headers={}, method={}, name="", params={}, path={"{id}"}, produces={}, value={"{id}"}), @org.springframework.web.bind.annotation.GetMapping(consumes={}, headers={}, name="", params={}, path={}, produces={}, value={})]
14:40:14.316 [main] WARN  org.springframework.web.servlet.mvc.method.annotation.RequestMappingHandlerMapping - Multiple @RequestMapping annotations found on public com.example.lms.model.Book com.example.lms.controller.BookController.getOneBook(java.lang.Long), but only the first will be used: [@org.springframework.web.bind.annotation.RequestMapping(consumes={}, headers={}, method={}, name="", params={}, path={"{id}"}, produces={}, value={"{id}"}), @org.springframework.web.bind.annotation.GetMapping(consumes={}, headers={}, name="", params={}, path={}, produces={}, value={})]
14:40:14.318 [main] WARN  org.springframework.web.servlet.mvc.method.annotation.RequestMappingHandlerMapping - Multiple @RequestMapping annotations found on public com.example.lms.model.Issued com.example.lms.controller.IssuedController.getOneIssued(java.lang.Long), but only the first will be used: [@org.springframework.web.bind.annotation.RequestMapping(consumes={}, headers={}, method={}, name="", params={}, path={"{id}"}, produces={}, value={"{id}"}), @org.springframework.web.bind.annotation.GetMapping(consumes={}, headers={}, name="", params={}, path={}, produces={}, value={})]
14:40:14.319 [main] WARN  org.springframework.web.servlet.mvc.method.annotation.RequestMappingHandlerMapping - Multiple @RequestMapping annotations found on public com.example.lms.model.Member com.example.lms.controller.MemberController.getOneMember(java.lang.Long), but only the first will be used: [@org.springframework.web.bind.annotation.RequestMapping(consumes={}, headers={}, method={}, name="", params={}, path={"{id}"}, produces={}, value={"{id}"}), @org.springframework.web.bind.annotation.GetMapping(consumes={}, headers={}, name="", params={}, path={}, produces={}, value={})]
14:40:14.434 [main] INFO  org.springframework.boot.autoconfigure.h2.H2ConsoleAutoConfiguration - H2 console available at '/h2-console'. Database available at 'jdbc:h2:mem:test'
14:40:14.461 [main] INFO  org.springframework.boot.test.mock.web.SpringBootMockServletContext - Initializing Spring TestDispatcherServlet ''
14:40:14.461 [main] INFO  org.springframework.test.web.servlet.TestDispatcherServlet - Initializing Servlet ''
14:40:14.462 [main] INFO  org.springframework.test.web.servlet.TestDispatcherServlet - Completed initialization in 0 ms
14:40:14.472 [main] INFO  com.example.lms.BookTest.BookController - Started BookController in 1.992 seconds (process running for 2.735)
14:40:14.966 [SpringApplicationShutdownHook] INFO  org.springframework.orm.jpa.LocalContainerEntityManagerFactoryBean - Closing JPA EntityManagerFactory for persistence unit 'default'
14:40:14.967 [SpringApplicationShutdownHook] INFO  com.zaxxer.hikari.HikariDataSource - HikariPool-1 - Shutdown initiated...
14:40:14.969 [SpringApplicationShutdownHook] INFO  com.zaxxer.hikari.HikariDataSource - HikariPool-1 - Shutdown completed.
14:40:30.789 [main] INFO  org.springframework.test.context.support.AnnotationConfigContextLoaderUtils - Could not detect default configuration classes for test class [com.example.lms.BookTest.BookController]: BookController does not declare any static, non-private, non-final, nested classes annotated with @Configuration.
14:40:30.833 [main] INFO  org.springframework.boot.test.context.SpringBootTestContextBootstrapper - Found @SpringBootConfiguration com.example.lms.LmsApplication for test class com.example.lms.BookTest.BookController
14:40:30.983 [main] INFO  com.example.lms.BookTest.BookController - Starting BookController using Java 21.0.3 with PID 7870 (started by angupta in /Users/angupta/Desktop/lms)
14:40:30.987 [main] INFO  com.example.lms.BookTest.BookController - No active profile set, falling back to 1 default profile: "default"
14:40:31.271 [main] INFO  org.springframework.data.repository.config.RepositoryConfigurationDelegate - Bootstrapping Spring Data JPA repositories in DEFAULT mode.
14:40:31.302 [main] INFO  org.springframework.data.repository.config.RepositoryConfigurationDelegate - Finished Spring Data repository scanning in 28 ms. Found 5 JPA repository interfaces.
14:40:31.510 [main] INFO  org.hibernate.jpa.internal.util.LogHelper - HHH000204: Processing PersistenceUnitInfo [name: default]
14:40:31.535 [main] INFO  org.hibernate.Version - HHH000412: Hibernate ORM core version 6.5.2.Final
14:40:31.550 [main] INFO  org.hibernate.cache.internal.RegionFactoryInitiator - HHH000026: Second-level cache disabled
14:40:31.674 [main] INFO  org.springframework.orm.jpa.persistenceunit.SpringPersistenceUnitInfo - No LoadTimeWeaver setup: ignoring JPA class transformer
14:40:31.687 [main] INFO  com.zaxxer.hikari.HikariDataSource - HikariPool-1 - Starting...
14:40:31.773 [main] INFO  com.zaxxer.hikari.pool.HikariPool - HikariPool-1 - Added connection conn0: url=jdbc:h2:mem:test user=LMS
14:40:31.774 [main] INFO  com.zaxxer.hikari.HikariDataSource - HikariPool-1 - Start completed.
14:40:31.791 [main] WARN  org.hibernate.orm.deprecation - HHH90000025: H2Dialect does not need to be specified explicitly using 'hibernate.dialect' (remove the property setting and it will be selected by default)
14:40:32.235 [main] INFO  org.hibernate.engine.transaction.jta.platform.internal.JtaPlatformInitiator - HHH000489: No JTA platform available (set 'hibernate.transaction.jta.platform' to enable JTA platform integration)
14:40:32.269 [main] INFO  org.springframework.orm.jpa.LocalContainerEntityManagerFactoryBean - Initialized JPA EntityManagerFactory for persistence unit 'default'
14:40:32.576 [main] WARN  org.springframework.boot.autoconfigure.orm.jpa.JpaBaseConfiguration$JpaWebConfiguration - spring.jpa.open-in-view is enabled by default. Therefore, database queries may be performed during view rendering. Explicitly configure spring.jpa.open-in-view to disable this warning
14:40:32.614 [main] WARN  org.springframework.web.servlet.mvc.method.annotation.RequestMappingHandlerMapping - Multiple @RequestMapping annotations found on public com.example.lms.model.Admin com.example.lms.controller.AdminController.getOneAdmin(java.lang.Long), but only the first will be used: [@org.springframework.web.bind.annotation.RequestMapping(consumes={}, headers={}, method={}, name="", params={}, path={"{id}"}, produces={}, value={"{id}"}), @org.springframework.web.bind.annotation.GetMapping(consumes={}, headers={}, name="", params={}, path={}, produces={}, value={})]
14:40:32.615 [main] WARN  org.springframework.web.servlet.mvc.method.annotation.RequestMappingHandlerMapping - Multiple @RequestMapping annotations found on public java.util.List com.example.lms.controller.AdminController.getCsvData(), but only the first will be used: [@org.springframework.web.bind.annotation.RequestMapping(consumes={}, headers={}, method={}, name="", params={}, path={"/csvData"}, produces={}, value={"/csvData"}), @org.springframework.web.bind.annotation.GetMapping(consumes={}, headers={}, name="", params={}, path={}, produces={}, value={})]
14:40:32.618 [main] WARN  org.springframework.web.servlet.mvc.method.annotation.RequestMappingHandlerMapping - Multiple @RequestMapping annotations found on public java.lang.String com.example.lms.controller.AuthorController.getCsvData() throws java.lang.Exception, but only the first will be used: [@org.springframework.web.bind.annotation.RequestMapping(consumes={}, headers={}, method={}, name="", params={}, path={"/csvData"}, produces={}, value={"/csvData"}), @org.springframework.web.bind.annotation.GetMapping(consumes={}, headers={}, name="", params={}, path={}, produces={}, value={})]
14:40:32.618 [main] WARN  org.springframework.web.servlet.mvc.method.annotation.RequestMappingHandlerMapping - Multiple @RequestMapping annotations found on public com.example.lms.model.Author com.example.lms.controller.AuthorController.getOneAuthor(java.lang.Long), but only the first will be used: [@org.springframework.web.bind.annotation.RequestMapping(consumes={}, headers={}, method={}, name="", params={}, path={"{id}"}, produces={}, value={"{id}"}), @org.springframework.web.bind.annotation.GetMapping(consumes={}, headers={}, name="", params={}, path={}, produces={}, value={})]
14:40:32.619 [main] WARN  org.springframework.web.servlet.mvc.method.annotation.RequestMappingHandlerMapping - Multiple @RequestMapping annotations found on public com.example.lms.model.Book com.example.lms.controller.BookController.getOneBook(java.lang.Long), but only the first will be used: [@org.springframework.web.bind.annotation.RequestMapping(consumes={}, headers={}, method={}, name="", params={}, path={"{id}"}, produces={}, value={"{id}"}), @org.springframework.web.bind.annotation.GetMapping(consumes={}, headers={}, name="", params={}, path={}, produces={}, value={})]
14:40:32.620 [main] WARN  org.springframework.web.servlet.mvc.method.annotation.RequestMappingHandlerMapping - Multiple @RequestMapping annotations found on public com.example.lms.model.Issued com.example.lms.controller.IssuedController.getOneIssued(java.lang.Long), but only the first will be used: [@org.springframework.web.bind.annotation.RequestMapping(consumes={}, headers={}, method={}, name="", params={}, path={"{id}"}, produces={}, value={"{id}"}), @org.springframework.web.bind.annotation.GetMapping(consumes={}, headers={}, name="", params={}, path={}, produces={}, value={})]
14:40:32.621 [main] WARN  org.springframework.web.servlet.mvc.method.annotation.RequestMappingHandlerMapping - Multiple @RequestMapping annotations found on public com.example.lms.model.Member com.example.lms.controller.MemberController.getOneMember(java.lang.Long), but only the first will be used: [@org.springframework.web.bind.annotation.RequestMapping(consumes={}, headers={}, method={}, name="", params={}, path={"{id}"}, produces={}, value={"{id}"}), @org.springframework.web.bind.annotation.GetMapping(consumes={}, headers={}, name="", params={}, path={}, produces={}, value={})]
14:40:32.739 [main] INFO  org.springframework.boot.autoconfigure.h2.H2ConsoleAutoConfiguration - H2 console available at '/h2-console'. Database available at 'jdbc:h2:mem:test'
14:40:32.766 [main] INFO  org.springframework.boot.test.mock.web.SpringBootMockServletContext - Initializing Spring TestDispatcherServlet ''
14:40:32.766 [main] INFO  org.springframework.test.web.servlet.TestDispatcherServlet - Initializing Servlet ''
14:40:32.767 [main] INFO  org.springframework.test.web.servlet.TestDispatcherServlet - Completed initialization in 1 ms
14:40:32.777 [main] INFO  com.example.lms.BookTest.BookController - Started BookController in 1.889 seconds (process running for 2.551)
14:40:33.253 [SpringApplicationShutdownHook] INFO  org.springframework.orm.jpa.LocalContainerEntityManagerFactoryBean - Closing JPA EntityManagerFactory for persistence unit 'default'
14:40:33.254 [SpringApplicationShutdownHook] INFO  com.zaxxer.hikari.HikariDataSource - HikariPool-1 - Shutdown initiated...
14:40:33.255 [SpringApplicationShutdownHook] INFO  com.zaxxer.hikari.HikariDataSource - HikariPool-1 - Shutdown completed.
14:48:36.299 [HikariPool-1 housekeeper] WARN  com.zaxxer.hikari.pool.HikariPool - HikariPool-1 - Thread starvation or clock leap detected (housekeeper delta=1m15s877ms).
15:06:30.537 [HikariPool-1 housekeeper] WARN  com.zaxxer.hikari.pool.HikariPool - HikariPool-1 - Thread starvation or clock leap detected (housekeeper delta=3m24s128ms).
15:24:19.754 [HikariPool-1 housekeeper] WARN  com.zaxxer.hikari.pool.HikariPool - HikariPool-1 - Thread starvation or clock leap detected (housekeeper delta=2m19s66ms).
15:26:03.132 [SpringApplicationShutdownHook] INFO  org.springframework.orm.jpa.LocalContainerEntityManagerFactoryBean - Closing JPA EntityManagerFactory for persistence unit 'default'
15:26:03.133 [SpringApplicationShutdownHook] INFO  com.zaxxer.hikari.HikariDataSource - HikariPool-1 - Shutdown initiated...
15:26:03.136 [SpringApplicationShutdownHook] INFO  com.zaxxer.hikari.HikariDataSource - HikariPool-1 - Shutdown completed.
15:26:05.144 [main] INFO  com.example.lms.LmsApplication - Starting LmsApplication using Java 21.0.3 with PID 8477 (/Users/angupta/Desktop/lms/target/classes started by angupta in /Users/angupta/Desktop/lms)
15:26:05.148 [main] INFO  com.example.lms.LmsApplication - No active profile set, falling back to 1 default profile: "default"
15:26:05.447 [main] INFO  org.springframework.data.repository.config.RepositoryConfigurationDelegate - Bootstrapping Spring Data JPA repositories in DEFAULT mode.
15:26:05.477 [main] INFO  org.springframework.data.repository.config.RepositoryConfigurationDelegate - Finished Spring Data repository scanning in 25 ms. Found 5 JPA repository interfaces.
15:26:05.716 [main] INFO  org.springframework.boot.web.embedded.tomcat.TomcatWebServer - Tomcat initialized with port 8080 (http)
15:26:05.722 [main] INFO  org.apache.coyote.http11.Http11NioProtocol - Initializing ProtocolHandler ["http-nio-8080"]
15:26:05.723 [main] INFO  org.apache.catalina.core.StandardService - Starting service [Tomcat]
15:26:05.723 [main] INFO  org.apache.catalina.core.StandardEngine - Starting Servlet engine: [Apache Tomcat/10.1.26]
15:26:05.742 [main] INFO  org.apache.catalina.core.ContainerBase.[Tomcat].[localhost].[/] - Initializing Spring embedded WebApplicationContext
15:26:05.743 [main] INFO  org.springframework.boot.web.servlet.context.ServletWebServerApplicationContext - Root WebApplicationContext: initialization completed in 575 ms
15:26:05.813 [main] INFO  com.zaxxer.hikari.HikariDataSource - HikariPool-1 - Starting...
15:26:05.985 [main] INFO  com.zaxxer.hikari.pool.HikariPool - HikariPool-1 - Added connection com.mysql.cj.jdbc.ConnectionImpl@4d25f816
15:26:05.986 [main] INFO  com.zaxxer.hikari.HikariDataSource - HikariPool-1 - Start completed.
15:26:06.006 [main] INFO  org.hibernate.jpa.internal.util.LogHelper - HHH000204: Processing PersistenceUnitInfo [name: default]
15:26:06.031 [main] INFO  org.hibernate.Version - HHH000412: Hibernate ORM core version 6.5.2.Final
15:26:06.044 [main] INFO  org.hibernate.cache.internal.RegionFactoryInitiator - HHH000026: Second-level cache disabled
15:26:06.180 [main] INFO  org.springframework.orm.jpa.persistenceunit.SpringPersistenceUnitInfo - No LoadTimeWeaver setup: ignoring JPA class transformer
15:26:06.643 [main] INFO  org.hibernate.engine.transaction.jta.platform.internal.JtaPlatformInitiator - HHH000489: No JTA platform available (set 'hibernate.transaction.jta.platform' to enable JTA platform integration)
15:26:06.644 [main] INFO  org.springframework.orm.jpa.LocalContainerEntityManagerFactoryBean - Initialized JPA EntityManagerFactory for persistence unit 'default'
15:26:06.907 [main] WARN  org.springframework.boot.autoconfigure.orm.jpa.JpaBaseConfiguration$JpaWebConfiguration - spring.jpa.open-in-view is enabled by default. Therefore, database queries may be performed during view rendering. Explicitly configure spring.jpa.open-in-view to disable this warning
15:26:06.939 [main] WARN  org.springframework.web.servlet.mvc.method.annotation.RequestMappingHandlerMapping - Multiple @RequestMapping annotations found on public com.example.lms.model.Admin com.example.lms.controller.AdminController.getOneAdmin(java.lang.Long), but only the first will be used: [@org.springframework.web.bind.annotation.RequestMapping(consumes={}, headers={}, method={}, name="", params={}, path={"{id}"}, produces={}, value={"{id}"}), @org.springframework.web.bind.annotation.GetMapping(consumes={}, headers={}, name="", params={}, path={}, produces={}, value={})]
15:26:06.940 [main] WARN  org.springframework.web.servlet.mvc.method.annotation.RequestMappingHandlerMapping - Multiple @RequestMapping annotations found on public java.util.List com.example.lms.controller.AdminController.getCsvData(), but only the first will be used: [@org.springframework.web.bind.annotation.RequestMapping(consumes={}, headers={}, method={}, name="", params={}, path={"/csvData"}, produces={}, value={"/csvData"}), @org.springframework.web.bind.annotation.GetMapping(consumes={}, headers={}, name="", params={}, path={}, produces={}, value={})]
15:26:06.943 [main] WARN  org.springframework.web.servlet.mvc.method.annotation.RequestMappingHandlerMapping - Multiple @RequestMapping annotations found on public java.lang.String com.example.lms.controller.AuthorController.getCsvData() throws java.lang.Exception, but only the first will be used: [@org.springframework.web.bind.annotation.RequestMapping(consumes={}, headers={}, method={}, name="", params={}, path={"/csvData"}, produces={}, value={"/csvData"}), @org.springframework.web.bind.annotation.GetMapping(consumes={}, headers={}, name="", params={}, path={}, produces={}, value={})]
15:26:06.943 [main] WARN  org.springframework.web.servlet.mvc.method.annotation.RequestMappingHandlerMapping - Multiple @RequestMapping annotations found on public com.example.lms.model.Author com.example.lms.controller.AuthorController.getOneAuthor(java.lang.Long), but only the first will be used: [@org.springframework.web.bind.annotation.RequestMapping(consumes={}, headers={}, method={}, name="", params={}, path={"{id}"}, produces={}, value={"{id}"}), @org.springframework.web.bind.annotation.GetMapping(consumes={}, headers={}, name="", params={}, path={}, produces={}, value={})]
15:26:06.945 [main] WARN  org.springframework.web.servlet.mvc.method.annotation.RequestMappingHandlerMapping - Multiple @RequestMapping annotations found on public com.example.lms.model.Book com.example.lms.controller.BookController.getOneBook(java.lang.Long), but only the first will be used: [@org.springframework.web.bind.annotation.RequestMapping(consumes={}, headers={}, method={}, name="", params={}, path={"{id}"}, produces={}, value={"{id}"}), @org.springframework.web.bind.annotation.GetMapping(consumes={}, headers={}, name="", params={}, path={}, produces={}, value={})]
15:26:06.946 [main] WARN  org.springframework.web.servlet.mvc.method.annotation.RequestMappingHandlerMapping - Multiple @RequestMapping annotations found on public com.example.lms.model.Issued com.example.lms.controller.IssuedController.getOneIssued(java.lang.Long), but only the first will be used: [@org.springframework.web.bind.annotation.RequestMapping(consumes={}, headers={}, method={}, name="", params={}, path={"{id}"}, produces={}, value={"{id}"}), @org.springframework.web.bind.annotation.GetMapping(consumes={}, headers={}, name="", params={}, path={}, produces={}, value={})]
15:26:06.947 [main] WARN  org.springframework.web.servlet.mvc.method.annotation.RequestMappingHandlerMapping - Multiple @RequestMapping annotations found on public com.example.lms.model.Member com.example.lms.controller.MemberController.getOneMember(java.lang.Long), but only the first will be used: [@org.springframework.web.bind.annotation.RequestMapping(consumes={}, headers={}, method={}, name="", params={}, path={"{id}"}, produces={}, value={"{id}"}), @org.springframework.web.bind.annotation.GetMapping(consumes={}, headers={}, name="", params={}, path={}, produces={}, value={})]
15:26:07.061 [main] INFO  org.apache.coyote.http11.Http11NioProtocol - Starting ProtocolHandler ["http-nio-8080"]
15:26:07.068 [main] INFO  org.springframework.boot.web.embedded.tomcat.TomcatWebServer - Tomcat started on port 8080 (http) with context path '/'
15:26:07.073 [main] INFO  com.example.lms.LmsApplication - Started LmsApplication in 2.081 seconds (process running for 2.598)
15:26:07.074 [main] INFO  com.example.lms.LmsApplication - Logger has started
15:46:11.018 [HikariPool-1 housekeeper] WARN  com.zaxxer.hikari.pool.HikariPool - HikariPool-1 - Thread starvation or clock leap detected (housekeeper delta=8m34s826ms).
15:55:20.714 [HikariPool-1 housekeeper] WARN  com.zaxxer.hikari.pool.HikariPool - HikariPool-1 - Thread starvation or clock leap detected (housekeeper delta=6m9s667ms).
15:58:05.206 [SpringApplicationShutdownHook] INFO  org.springframework.orm.jpa.LocalContainerEntityManagerFactoryBean - Closing JPA EntityManagerFactory for persistence unit 'default'
15:58:05.208 [SpringApplicationShutdownHook] INFO  com.zaxxer.hikari.HikariDataSource - HikariPool-1 - Shutdown initiated...
15:58:05.212 [SpringApplicationShutdownHook] INFO  com.zaxxer.hikari.HikariDataSource - HikariPool-1 - Shutdown completed.
16:24:36.014 [main] INFO  com.example.lms.LmsApplication - Starting LmsApplication using Java 21.0.3 with PID 9192 (/Users/angupta/Desktop/lms/target/classes started by angupta in /Users/angupta/Desktop/lms)
16:24:36.018 [main] INFO  com.example.lms.LmsApplication - No active profile set, falling back to 1 default profile: "default"
16:24:36.328 [main] INFO  org.springframework.data.repository.config.RepositoryConfigurationDelegate - Bootstrapping Spring Data JPA repositories in DEFAULT mode.
16:24:36.361 [main] INFO  org.springframework.data.repository.config.RepositoryConfigurationDelegate - Finished Spring Data repository scanning in 29 ms. Found 5 JPA repository interfaces.
16:24:36.616 [main] INFO  org.springframework.boot.web.embedded.tomcat.TomcatWebServer - Tomcat initialized with port 8080 (http)
16:24:36.622 [main] INFO  org.apache.coyote.http11.Http11NioProtocol - Initializing ProtocolHandler ["http-nio-8080"]
16:24:36.623 [main] INFO  org.apache.catalina.core.StandardService - Starting service [Tomcat]
16:24:36.623 [main] INFO  org.apache.catalina.core.StandardEngine - Starting Servlet engine: [Apache Tomcat/10.1.26]
16:24:36.643 [main] INFO  org.apache.catalina.core.ContainerBase.[Tomcat].[localhost].[/] - Initializing Spring embedded WebApplicationContext
16:24:36.644 [main] INFO  org.springframework.boot.web.servlet.context.ServletWebServerApplicationContext - Root WebApplicationContext: initialization completed in 607 ms
16:24:36.711 [main] INFO  com.zaxxer.hikari.HikariDataSource - HikariPool-1 - Starting...
16:24:36.888 [main] INFO  com.zaxxer.hikari.pool.HikariPool - HikariPool-1 - Added connection com.mysql.cj.jdbc.ConnectionImpl@3d0352
16:24:36.888 [main] INFO  com.zaxxer.hikari.HikariDataSource - HikariPool-1 - Start completed.
16:24:36.910 [main] INFO  org.hibernate.jpa.internal.util.LogHelper - HHH000204: Processing PersistenceUnitInfo [name: default]
16:24:36.936 [main] INFO  org.hibernate.Version - HHH000412: Hibernate ORM core version 6.5.2.Final
16:24:36.951 [main] INFO  org.hibernate.cache.internal.RegionFactoryInitiator - HHH000026: Second-level cache disabled
16:24:37.089 [main] INFO  org.springframework.orm.jpa.persistenceunit.SpringPersistenceUnitInfo - No LoadTimeWeaver setup: ignoring JPA class transformer
16:24:37.599 [main] INFO  org.hibernate.engine.transaction.jta.platform.internal.JtaPlatformInitiator - HHH000489: No JTA platform available (set 'hibernate.transaction.jta.platform' to enable JTA platform integration)
16:24:37.601 [main] INFO  org.springframework.orm.jpa.LocalContainerEntityManagerFactoryBean - Initialized JPA EntityManagerFactory for persistence unit 'default'
16:24:37.860 [main] WARN  org.springframework.boot.autoconfigure.orm.jpa.JpaBaseConfiguration$JpaWebConfiguration - spring.jpa.open-in-view is enabled by default. Therefore, database queries may be performed during view rendering. Explicitly configure spring.jpa.open-in-view to disable this warning
16:24:37.896 [main] WARN  org.springframework.web.servlet.mvc.method.annotation.RequestMappingHandlerMapping - Multiple @RequestMapping annotations found on public com.example.lms.model.Admin com.example.lms.controller.AdminController.getOneAdmin(java.lang.Long), but only the first will be used: [@org.springframework.web.bind.annotation.RequestMapping(consumes={}, headers={}, method={}, name="", params={}, path={"{id}"}, produces={}, value={"{id}"}), @org.springframework.web.bind.annotation.GetMapping(consumes={}, headers={}, name="", params={}, path={}, produces={}, value={})]
16:24:37.897 [main] WARN  org.springframework.web.servlet.mvc.method.annotation.RequestMappingHandlerMapping - Multiple @RequestMapping annotations found on public java.util.List com.example.lms.controller.AdminController.getCsvData(), but only the first will be used: [@org.springframework.web.bind.annotation.RequestMapping(consumes={}, headers={}, method={}, name="", params={}, path={"/csvData"}, produces={}, value={"/csvData"}), @org.springframework.web.bind.annotation.GetMapping(consumes={}, headers={}, name="", params={}, path={}, produces={}, value={})]
16:24:37.900 [main] WARN  org.springframework.web.servlet.mvc.method.annotation.RequestMappingHandlerMapping - Multiple @RequestMapping annotations found on public java.lang.String com.example.lms.controller.AuthorController.getCsvData() throws java.lang.Exception, but only the first will be used: [@org.springframework.web.bind.annotation.RequestMapping(consumes={}, headers={}, method={}, name="", params={}, path={"/csvData"}, produces={}, value={"/csvData"}), @org.springframework.web.bind.annotation.GetMapping(consumes={}, headers={}, name="", params={}, path={}, produces={}, value={})]
16:24:37.900 [main] WARN  org.springframework.web.servlet.mvc.method.annotation.RequestMappingHandlerMapping - Multiple @RequestMapping annotations found on public com.example.lms.model.Author com.example.lms.controller.AuthorController.getOneAuthor(java.lang.Long), but only the first will be used: [@org.springframework.web.bind.annotation.RequestMapping(consumes={}, headers={}, method={}, name="", params={}, path={"{id}"}, produces={}, value={"{id}"}), @org.springframework.web.bind.annotation.GetMapping(consumes={}, headers={}, name="", params={}, path={}, produces={}, value={})]
16:24:37.902 [main] WARN  org.springframework.web.servlet.mvc.method.annotation.RequestMappingHandlerMapping - Multiple @RequestMapping annotations found on public com.example.lms.model.Book com.example.lms.controller.BookController.getOneBook(java.lang.Long), but only the first will be used: [@org.springframework.web.bind.annotation.RequestMapping(consumes={}, headers={}, method={}, name="", params={}, path={"{id}"}, produces={}, value={"{id}"}), @org.springframework.web.bind.annotation.GetMapping(consumes={}, headers={}, name="", params={}, path={}, produces={}, value={})]
16:24:37.903 [main] WARN  org.springframework.web.servlet.mvc.method.annotation.RequestMappingHandlerMapping - Multiple @RequestMapping annotations found on public com.example.lms.model.Issued com.example.lms.controller.IssuedController.getOneIssued(java.lang.Long), but only the first will be used: [@org.springframework.web.bind.annotation.RequestMapping(consumes={}, headers={}, method={}, name="", params={}, path={"{id}"}, produces={}, value={"{id}"}), @org.springframework.web.bind.annotation.GetMapping(consumes={}, headers={}, name="", params={}, path={}, produces={}, value={})]
16:24:37.904 [main] WARN  org.springframework.web.servlet.mvc.method.annotation.RequestMappingHandlerMapping - Multiple @RequestMapping annotations found on public com.example.lms.model.Member com.example.lms.controller.MemberController.getOneMember(java.lang.Long), but only the first will be used: [@org.springframework.web.bind.annotation.RequestMapping(consumes={}, headers={}, method={}, name="", params={}, path={"{id}"}, produces={}, value={"{id}"}), @org.springframework.web.bind.annotation.GetMapping(consumes={}, headers={}, name="", params={}, path={}, produces={}, value={})]
16:24:38.015 [main] INFO  org.apache.coyote.http11.Http11NioProtocol - Starting ProtocolHandler ["http-nio-8080"]
16:24:38.022 [main] INFO  org.springframework.boot.web.embedded.tomcat.TomcatWebServer - Tomcat started on port 8080 (http) with context path '/'
16:24:38.027 [main] INFO  com.example.lms.LmsApplication - Started LmsApplication in 2.183 seconds (process running for 2.745)
16:24:38.029 [main] INFO  com.example.lms.LmsApplication - Logger has started
16:24:50.351 [http-nio-8080-exec-2] INFO  org.apache.catalina.core.ContainerBase.[Tomcat].[localhost].[/] - Initializing Spring DispatcherServlet 'dispatcherServlet'
16:24:50.351 [http-nio-8080-exec-2] INFO  org.springframework.web.servlet.DispatcherServlet - Initializing Servlet 'dispatcherServlet'
16:24:50.352 [http-nio-8080-exec-2] INFO  org.springframework.web.servlet.DispatcherServlet - Completed initialization in 1 ms
16:29:17.998 [pool-2-thread-2] INFO  com.example.lms.customThread.ChunkReaderThread - StartLine: 5 EndLine: 10 ThreadId: Thread[#53,pool-2-thread-2,5,main]
16:29:17.999 [pool-2-thread-1] INFO  com.example.lms.customThread.ChunkReaderThread - StartLine: 0 EndLine: 5 ThreadId: Thread[#52,pool-2-thread-1,5,main]
16:52:01.936 [SpringApplicationShutdownHook] INFO  org.springframework.orm.jpa.LocalContainerEntityManagerFactoryBean - Closing JPA EntityManagerFactory for persistence unit 'default'
16:52:01.937 [SpringApplicationShutdownHook] INFO  com.zaxxer.hikari.HikariDataSource - HikariPool-1 - Shutdown initiated...
16:52:01.940 [SpringApplicationShutdownHook] INFO  com.zaxxer.hikari.HikariDataSource - HikariPool-1 - Shutdown completed.
